#
# A fatal error has been detected by the Java Runtime Environment:
#
#  EXCEPTION_ACCESS_VIOLATION (0xc0000005) at pc=0x00000132495d13d6, pid=20436, tid=5064
#
# JRE version: OpenJDK Runtime Environment Temurin-17.0.7+7 (17.0.7+7) (build 17.0.7+7)
# Java VM: OpenJDK 64-Bit Server VM Temurin-17.0.7+7 (17.0.7+7, mixed mode, tiered, compressed oops, compressed class ptrs, parallel gc, windows-amd64)
# Problematic frame:
# J 2746 c1 lombok.patcher.Hook.toSpec(Ljava/lang/String;)Ljava/lang/String; (95 bytes) @ 0x00000132495d13d6 [0x00000132495d1060+0x0000000000000376]
#
# No core dump will be written. Minidumps are not enabled by default on client versions of Windows
#
# If you would like to submit a bug report, please visit:
#   https://github.com/adoptium/adoptium-support/issues
#

---------------  S U M M A R Y ------------

Command Line: --add-modules=ALL-SYSTEM --add-opens=java.base/java.util=ALL-UNNAMED --add-opens=java.base/java.lang=ALL-UNNAMED --add-opens=java.base/sun.nio.fs=ALL-UNNAMED -Declipse.application=org.eclipse.jdt.ls.core.id1 -Dosgi.bundles.defaultStartLevel=4 -Declipse.product=org.eclipse.jdt.ls.core.product -Djava.import.generatesMetadataFilesAtProjectRoot=false -Dfile.encoding=utf8 -XX:+UseParallelGC -XX:GCTimeRatio=4 -XX:AdaptiveSizePolicyWeight=90 -Dsun.zip.disableMemoryMapping=true -Xmx1G -Xms100m -Xlog:disable -javaagent:c:\Users\sasum\.vscode\extensions\redhat.java-1.21.0-win32-x64\lombok\lombok-1.18.28.jar -XX:+HeapDumpOnOutOfMemoryError -XX:HeapDumpPath=c:\Users\sasum\AppData\Roaming\Code\User\workspaceStorage\8c1e2cb3445ed313ddce84e98e103851\redhat.java -Daether.dependencyCollector.impl=bf c:\Users\sasum\.vscode\extensions\redhat.java-1.21.0-win32-x64\server\plugins\org.eclipse.equinox.launcher_1.6.500.v20230717-2134.jar -configuration c:\Users\sasum\AppData\Roaming\Code\User\globalStorage\redhat.java\1.21.0\config_win -data c:\Users\sasum\AppData\Roaming\Code\User\workspaceStorage\8c1e2cb3445ed313ddce84e98e103851\redhat.java\jdt_ws

Host: AMD Ryzen 5 4500U with Radeon Graphics         , 6 cores, 7G,  Windows 11 , 64 bit Build 22621 (10.0.22621.1928)
Time: Mon Jul 31 16:14:00 2023 India Standard Time elapsed time: 11.870525 seconds (0d 0h 0m 11s)

---------------  T H R E A D  ---------------

Current thread (0x0000013260aab090):  JavaThread "Worker-3: Initialize Workspace" [_thread_in_Java, id=5064, stack(0x00000013fb800000,0x00000013fb900000)]

Stack: [0x00000013fb800000,0x00000013fb900000],  sp=0x00000013fb8f83a0,  free space=992k
Native frames: (J=compiled Java code, j=interpreted, Vv=VM code, C=native code)
C  0x00000132495d13d6


siginfo: EXCEPTION_ACCESS_VIOLATION (0xc0000005), reading address 0xffffffffffffffff


Register to memory mapping:

RIP=0x00000132495d13d6 is at entry_point+886 in (nmethod*)0x00000132495d0d10
RAX=0x0000000000000001 is an unknown value
RBX=0x00000000c0211e38 is an oop: [B 
{0x00000000c0211e38} - klass: {type array byte}
 - length: 2
RCX=0x000001325c88ec68 is pointing into metadata
RDX=0x0000000000000001 is an unknown value
RSP=0x00000013fb8f83a0 is pointing into the stack for thread: 0x0000013260aab090
RBP=0x00000013fb8f84b0 is pointing into the stack for thread: 0x0000013260aab090
RSI=0x0000000000000036 is an unknown value
RDI=0x0000000000000034 is an unknown value
R8 =0x0010000000000218 is an unknown value
R9 =0x0000000000000002 is an unknown value
R10=0x00000132443a1000 points into unknown readable memory: 0x0000000000000000 | 00 00 00 00 00 00 00 00
R11=0x00000000c001ee00 is an oop: [B 
{0x00000000c001ee00} - klass: {type array byte}
 - length: 54
R12=0x0 is NULL
R13=0x0000000000000034 is an unknown value
R14=0x00000013fb8f84d8 is pointing into the stack for thread: 0x0000013260aab090
R15=0x0000013260aab090 is a thread


Registers:
RAX=0x0000000000000001, RBX=0x00000000c0211e38, RCX=0x000001325c88ec68, RDX=0x0000000000000001
RSP=0x00000013fb8f83a0, RBP=0x00000013fb8f84b0, RSI=0x0000000000000036, RDI=0x0000000000000034
R8 =0x0010000000000218, R9 =0x0000000000000002, R10=0x00000132443a1000, R11=0x00000000c001ee00
R12=0x0000000000000000, R13=0x0000000000000034, R14=0x00000013fb8f84d8, R15=0x0000013260aab090
RIP=0x00000132495d13d6, EFLAGS=0x0000000000010202

Top of Stack: (sp=0x00000013fb8f83a0)
0x00000013fb8f83a0:   0000000a0000000c 00000000eb61b120
0x00000013fb8f83b0:   0000000000000034 0000013250bb573e
0x00000013fb8f83c0:   00000000000002e1 00000013fb8f8410
0x00000013fb8f83d0:   00000013fb8f84c8 00000132495c3ff4
0x00000013fb8f83e0:   00000013fb8f8458 00000132000000b6
0x00000013fb8f83f0:   00000000eb60de98 00000000eb5ef990
0x00000013fb8f8400:   00000013fb8f84b0 0000013250bad904
0x00000013fb8f8410:   0000000000000036 00000000c001ede8
0x00000013fb8f8420:   00000000eb61cba8 00000000c001ede8
0x00000013fb8f8430:   00000000eb61be50 00000000eb61bff8
0x00000013fb8f8440:   00000013fb8f84b0 00000132505a9645
0x00000013fb8f8450:   00000132505a9645 00000000c001ede8
0x00000013fb8f8460:   00000000eb61c178 00000013fb8f8468
0x00000013fb8f8470:   000001325b425300 00000013fb8f84d8
0x00000013fb8f8480:   000001325b425930 000001325c68efd8
0x00000013fb8f8490:   00000000c06dd010 000001325b425360 

Instructions: (pc=0x00000132495d13d6)
0x00000132495d12d6:   00 00 83 c6 02 41 89 b1 cc 00 00 00 81 e6 fe ff
0x00000132495d12e6:   1f 00 83 fe 00 0f 84 0c 0b 00 00 49 b9 68 4c 25
0x00000132495d12f6:   5b 32 01 00 00 41 ff 81 20 01 00 00 49 b9 68 4c
0x00000132495d1306:   25 5b 32 01 00 00 41 ff 81 30 01 00 00 4c 8b ca
0x00000132495d1316:   48 be 48 64 48 5b 32 01 00 00 48 83 86 80 01 00
0x00000132495d1326:   00 01 49 b9 20 1e 21 c0 00 00 00 00 49 8b f0 83
0x00000132495d1336:   ee 02 4d 8b c1 4c 8b ce 48 8b f2 48 8b d6 48 89
0x00000132495d1346:   b4 24 88 00 00 00 66 66 90 e8 6c bf 5c 07 83 e0
0x00000132495d1356:   01 83 f8 00 b9 02 00 00 00 0f 85 05 00 00 00 b9
0x00000132495d1366:   00 00 00 00 49 b8 68 ec 88 5c 32 01 00 00 45 8b
0x00000132495d1376:   88 d0 00 00 00 44 03 c9 45 89 88 d0 00 00 00 83
0x00000132495d1386:   f9 00 0f 85 06 00 00 00 41 b9 02 00 00 00 41 81
0x00000132495d1396:   e1 fe 3f 00 00 41 83 f9 00 0f 84 79 0a 00 00 4d
0x00000132495d13a6:   8b 97 48 03 00 00 41 85 02 83 f8 00 48 b9 68 ec
0x00000132495d13b6:   88 5c 32 01 00 00 49 b8 28 02 00 00 00 00 00 00
0x00000132495d13c6:   0f 84 0a 00 00 00 49 b8 18 02 00 00 00 00 10 00
0x00000132495d13d6:   4e 8b 0c 01 4d 8d 49 01 4e 89 0c 01 48 8b 94 24
0x00000132495d13e6:   88 00 00 00 0f 84 71 01 00 00 48 8b ca 49 b8 68
0x00000132495d13f6:   ec 88 5c 32 01 00 00 49 83 80 38 01 00 00 01 48
0x00000132495d1406:   b9 e0 4d 25 5b 32 01 00 00 44 8b 81 cc 00 00 00
0x00000132495d1416:   41 83 c0 02 44 89 81 cc 00 00 00 41 81 e0 fe ff
0x00000132495d1426:   1f 00 41 83 f8 00 0f 84 0d 0a 00 00 8b 4a 14 44
0x00000132495d1436:   8b 41 0c 48 8b ca 49 b9 e0 4d 25 5b 32 01 00 00
0x00000132495d1446:   49 83 81 10 01 00 00 01 48 b9 68 4c 25 5b 32 01
0x00000132495d1456:   00 00 44 8b 89 cc 00 00 00 41 83 c1 02 44 89 89
0x00000132495d1466:   cc 00 00 00 41 81 e1 fe ff 1f 00 41 83 f9 00 0f
0x00000132495d1476:   84 ea 09 00 00 48 b9 68 4c 25 5b 32 01 00 00 ff
0x00000132495d1486:   81 20 01 00 00 0f be 4a 10 49 b9 68 4c 25 5b 32
0x00000132495d1496:   01 00 00 41 ff 81 30 01 00 00 c1 e1 18 c1 f9 18
0x00000132495d14a6:   41 d3 f8 4c 8b ca 48 be 68 ec 88 5c 32 01 00 00
0x00000132495d14b6:   48 83 86 70 01 00 00 01 4d 8b c8 41 83 e9 02 41
0x00000132495d14c6:   b8 00 00 00 00 0f 1f 40 00 e8 ac fb 01 07 4c 8b 


Stack slot to memory mapping:
stack at sp + 0 slots: 0x0000000a0000000c is an unknown value
stack at sp + 1 slots: 0x00000000eb61b120 is an oop: [I 
{0x00000000eb61b120} - klass: {type array int}
 - length: 18
stack at sp + 2 slots: 0x0000000000000034 is an unknown value
stack at sp + 3 slots: 0x0000013250bb573e is at entry_point+254 in (nmethod*)0x0000013250bb5490
stack at sp + 4 slots: 0x00000000000002e1 is an unknown value
stack at sp + 5 slots: 0x00000013fb8f8410 is pointing into the stack for thread: 0x0000013260aab090
stack at sp + 6 slots: 0x00000013fb8f84c8 is pointing into the stack for thread: 0x0000013260aab090
stack at sp + 7 slots: 0x00000132495c3ff4 is at entry_point+1300 in (nmethod*)0x00000132495c3890

--------------------------------------------------------------------------------
[Constant Pool (empty)]

--------------------------------------------------------------------------------

[MachCode]
  0x00000132495d1060: 8984 2400 | 90ff ff55 | 4881 eca0 | 0000 0048 | be68 ec88 | 5c32 0100 | 008b becc | 0000 0083 
  0x00000132495d1080: c702 89be | cc00 0000 | 81e7 fe07 | 0000 83ff | 000f 8489 | 0c00 0048 | 8954 2478 | 48ba b8f7 
  0x00000132495d10a0: 0400 0100 | 0000 498b | 8708 0100 | 0048 8d78 | 1849 3bbf | 1801 0000 | 0f87 830c | 0000 4989 
  0x00000132495d10c0: bf08 0100 | 0048 c700 | 0100 0000 | 488b ca48 | c1e9 0389 | 4808 4833 | c989 480c | 4833 c948 
  0x00000132495d10e0: 8948 1048 | 8984 2480 | 0000 004c | 8bc0 48ba | 68ec 885c | 3201 0000 | 4883 8210 | 0100 0001 
  0x00000132495d1100: 49b8 c0e6 | 3b5b 3201 | 0000 418b | 90cc 0000 | 0083 c202 | 4189 90cc | 0000 0081 | e2fe ff1f 
  0x00000132495d1120: 0083 fa00 | 0f84 240c | 0000 4c8b | c048 bac0 | e63b 5b32 | 0100 0048 | 8382 1001 | 0000 0141 
  0x00000132495d1140: b810 0000 | 0048 8bd0 | 0f1f 8000 | 0000 00e8 | 6c89 6007 | 48b9 68ec | 885c 3201 | 0000 ff81 
  0x00000132495d1160: 2001 0000 | 488b 5424 | 780f 1f80 | 0000 0000 | 483b 0248 | 8bca 49b8 | 68ec 885c | 3201 0000 
  0x00000132495d1180: 4983 80e0 | 0100 0001 | 48b9 4864 | 485b 3201 | 0000 448b | 81cc 0000 | 0041 83c0 | 0244 8981 
  0x00000132495d11a0: cc00 0000 | 4181 e0fe | ff1f 0041 | 83f8 000f | 84bf 0b00 | 0048 8bca | 49b8 4864 | 485b 3201 
  0x00000132495d11c0: 0000 4983 | 8010 0100 | 0001 48b9 | e04d 255b | 3201 0000 | 448b 81cc | 0000 0041 | 83c0 0244 
  0x00000132495d11e0: 8981 cc00 | 0000 4181 | e0fe ff1f | 0041 83f8 | 000f 849e | 0b00 008b | 4a14 448b | 410c 488b 
  0x00000132495d1200: ca49 b9e0 | 4d25 5b32 | 0100 0049 | 8381 1001 | 0000 0148 | b968 4c25 | 5b32 0100 | 0044 8b89 
  0x00000132495d1220: cc00 0000 | 4183 c102 | 4489 89cc | 0000 0041 | 81e1 feff | 1f00 4183 | f900 0f84 | 7b0b 0000 
  0x00000132495d1240: 48b9 684c | 255b 3201 | 0000 ff81 | 2001 0000 | 0fbe 4a10 | 49b9 684c | 255b 3201 | 0000 41ff 
  0x00000132495d1260: 8130 0100 | 00c1 e118 | c1f9 1841 | d3f8 49b9 | 201e 21c0 | 0000 0000 | 498b f148 | bf48 6448 
  0x00000132495d1280: 5b32 0100 | 0048 8387 | 4801 0000 | 0148 bee0 | 4d25 5b32 | 0100 008b | becc 0000 | 0083 c702 
  0x00000132495d12a0: 89be cc00 | 0000 81e7 | feff 1f00 | 83ff 000f | 8427 0b00 | 0048 bee0 | 4d25 5b32 | 0100 0048 
  0x00000132495d12c0: 8386 1001 | 0000 0149 | b968 4c25 | 5b32 0100 | 0041 8bb1 | cc00 0000 | 83c6 0241 | 89b1 cc00 
  0x00000132495d12e0: 0000 81e6 | feff 1f00 | 83fe 000f | 840c 0b00 | 0049 b968 | 4c25 5b32 | 0100 0041 | ff81 2001 
  0x00000132495d1300: 0000 49b9 | 684c 255b | 3201 0000 | 41ff 8130 | 0100 004c | 8bca 48be | 4864 485b | 3201 0000 
  0x00000132495d1320: 4883 8680 | 0100 0001 | 49b9 201e | 21c0 0000 | 0000 498b | f083 ee02 | 4d8b c14c | 8bce 488b 
  0x00000132495d1340: f248 8bd6 | 4889 b424 | 8800 0000 | 6666 90e8 | 6cbf 5c07 | 83e0 0183 | f800 b902 | 0000 000f 
  0x00000132495d1360: 8505 0000 | 00b9 0000 | 0000 49b8 | 68ec 885c | 3201 0000 | 458b 88d0 | 0000 0044 | 03c9 4589 
  0x00000132495d1380: 88d0 0000 | 0083 f900 | 0f85 0600 | 0000 41b9 | 0200 0000 | 4181 e1fe | 3f00 0041 | 83f9 000f 
  0x00000132495d13a0: 8479 0a00 | 004d 8b97 | 4803 0000 | 4185 0283 | f800 48b9 | 68ec 885c | 3201 0000 | 49b8 2802 
  0x00000132495d13c0: 0000 0000 | 0000 0f84 | 0a00 0000 | 49b8 1802 | 0000 0000 | 1000 4e8b | 0c01 4d8d | 4901 4e89 
  0x00000132495d13e0: 0c01 488b | 9424 8800 | 0000 0f84 | 7101 0000 | 488b ca49 | b868 ec88 | 5c32 0100 | 0049 8380 
  0x00000132495d1400: 3801 0000 | 0148 b9e0 | 4d25 5b32 | 0100 0044 | 8b81 cc00 | 0000 4183 | c002 4489 | 81cc 0000 
  0x00000132495d1420: 0041 81e0 | feff 1f00 | 4183 f800 | 0f84 0d0a | 0000 8b4a | 1444 8b41 | 0c48 8bca | 49b9 e04d 
  0x00000132495d1440: 255b 3201 | 0000 4983 | 8110 0100 | 0001 48b9 | 684c 255b | 3201 0000 | 448b 89cc | 0000 0041 
  0x00000132495d1460: 83c1 0244 | 8989 cc00 | 0000 4181 | e1fe ff1f | 0041 83f9 | 000f 84ea | 0900 0048 | b968 4c25 
  0x00000132495d1480: 5b32 0100 | 00ff 8120 | 0100 000f | be4a 1049 | b968 4c25 | 5b32 0100 | 0041 ff81 | 3001 0000 
  0x00000132495d14a0: c1e1 18c1 | f918 41d3 | f84c 8bca | 48be 68ec | 885c 3201 | 0000 4883 | 8670 0100 | 0001 4d8b 
  0x00000132495d14c0: c841 83e9 | 0241 b800 | 0000 000f | 1f40 00e8 | acfb 0107 | 4c8b 8424 | 8000 0000 | 48ba 68ec 
  0x00000132495d14e0: 885c 3201 | 0000 4883 | 82a8 0100 | 0001 49b8 | 30ed 3b5b | 3201 0000 | 418b 90cc | 0000 0083 
  0x00000132495d1500: c202 4189 | 90cc 0000 | 0081 e2fe | ff1f 0083 | fa00 0f84 | 6e09 0000 | 4c8b 8424 | 8000 0000 
  0x00000132495d1520: 48ba 30ed | 3b5b 3201 | 0000 4883 | 8210 0100 | 0001 49b8 | 0000 00c0 | 0000 0000 | 488b 9424 
  0x00000132495d1540: 8000 0000 | 4889 8424 | 9000 0000 | 6666 90e8 | 2cfb 0107 | 488b 9424 | 9000 0000 | e90f fcff 
  0x00000132495d1560: ff49 b820 | b803 c000 | 0000 0049 | 8bf0 48bf | 68ec 885c | 3201 0000 | 49ba 1074 | 0700 0100 
  0x00000132495d1580: 0000 4c89 | 9748 0200 | 0048 8387 | 5002 0000 | 0148 bec0 | a04b 5b32 | 0100 008b | becc 0000 
  0x00000132495d15a0: 0083 c702 | 89be cc00 | 0000 81e7 | feff 1f00 | 83ff 000f | 84ee 0800 | 0041 8b70 | 0c48 3b06 
  0x00000132495d15c0: 4c8b c648 | bfc0 a04b | 5b32 0100 | 0045 8b40 | 0849 c1e0 | 034c 3b87 | 2001 0000 | 750d 4883 
  0x00000132495d15e0: 8728 0100 | 0001 e966 | 0000 004c | 3b87 3001 | 0000 750d | 4883 8738 | 0100 0001 | e950 0000 
  0x00000132495d1600: 0048 81bf | 2001 0000 | 0000 0000 | 7517 4c89 | 8720 0100 | 0048 c787 | 2801 0000 | 0100 0000 
  0x00000132495d1620: e92c 0000 | 0048 81bf | 3001 0000 | 0000 0000 | 7517 4c89 | 8730 0100 | 0048 c787 | 3801 0000 
  0x00000132495d1640: 0100 0000 | e908 0000 | 0048 8387 | 1001 0000 | 014c 8bc2 | 4889 9424 | 8800 0000 | 488b d666 
  0x00000132495d1660: 0f1f 4400 | 0048 b818 | f305 0001 | 0000 00e8 | 2ce8 0107 | 4883 f800 | 7516 48be | 68ec 885c 
  0x00000132495d1680: 3201 0000 | 808e 6902 | 0000 01e9 | c000 0000 | 48bf 581b | 0400 0100 | 0000 8b50 | 0848 c1e2 
  0x00000132495d16a0: 0348 3bfa | 0f85 8a00 | 0000 48be | 68ec 885c | 3201 0000 | 8b78 0848 | c1e7 0348 | 3bbe 8002 
  0x00000132495d16c0: 0000 750d | 4883 8688 | 0200 0001 | e97f 0000 | 0048 3bbe | 9002 0000 | 750d 4883 | 8698 0200 
  0x00000132495d16e0: 0001 e969 | 0000 0048 | 81be 8002 | 0000 0000 | 0000 7517 | 4889 be80 | 0200 0048 | c786 8802 
  0x00000132495d1700: 0000 0100 | 0000 e945 | 0000 0048 | 81be 9002 | 0000 0000 | 0000 7517 | 4889 be90 | 0200 0048 
  0x00000132495d1720: c786 9802 | 0000 0100 | 0000 e921 | 0000 00e9 | 1c00 0000 | 48be 68ec | 885c 3201 | 0000 4883 
  0x00000132495d1740: ae70 0200 | 0001 e987 | 0700 00e9 | 0000 0000 | 4c8b c049 | 83f8 0048 | ba68 ec88 | 5c32 0100 
  0x00000132495d1760: 0048 bea8 | 0200 0000 | 0000 000f | 840a 0000 | 0048 beb8 | 0200 0000 | 0000 0048 | 8b3c 3248 
  0x00000132495d1780: 8d7f 0148 | 893c 3248 | 8b84 2480 | 0000 000f | 8435 0200 | 0048 ba68 | ec88 5c32 | 0100 0048 
  0x00000132495d17a0: 8382 c802 | 0000 0148 | ba30 ed3b | 5b32 0100 | 008b b2cc | 0000 0083 | c602 89b2 | cc00 0000 
  0x00000132495d17c0: 81e6 feff | 1f00 83fe | 000f 840c | 0700 0048 | 8b84 2480 | 0000 0048 | ba30 ed3b | 5b32 0100 
  0x00000132495d17e0: 0048 8382 | 1001 0000 | 0148 8b94 | 2480 0000 | 0066 0f1f | 4400 00e8 | 6425 5f07 | 488b 8424 
  0x00000132495d1800: 8000 0000 | 48ba 68ec | 885c 3201 | 0000 4883 | 8200 0300 | 0001 48ba | d8f0 3b5b | 3201 0000 
  0x00000132495d1820: 448b 82cc | 0000 0041 | 83c0 0244 | 8982 cc00 | 0000 4181 | e0fe ff1f | 0041 83f8 | 000f 84b9 
  0x00000132495d1840: 0600 0048 | 8b84 2480 | 0000 0048 | bad8 f03b | 5b32 0100 | 0048 8382 | 1001 0000 | 0148 baf0 
  0x00000132495d1860: 8e3b 5b32 | 0100 0044 | 8b82 cc00 | 0000 4183 | c002 4489 | 82cc 0000 | 0041 81e0 | feff 1f00 
  0x00000132495d1880: 4183 f800 | 0f84 9306 | 0000 48ba | f08e 3b5b | 3201 0000 | ff82 2001 | 0000 488b | 8424 8000 
  0x00000132495d18a0: 0000 0fbe | 5010 83fa | 0048 baf0 | 8e3b 5b32 | 0100 0049 | b830 0100 | 0000 0000 | 000f 850a 
  0x00000132495d18c0: 0000 0049 | b840 0100 | 0000 0000 | 004e 8b0c | 024d 8d49 | 014e 890c | 020f 851a | 0000 0048 
  0x00000132495d18e0: baf0 8e3b | 5b32 0100 | 00ff 8250 | 0100 00ba | 0100 0000 | e905 0000 | 00ba 0000 | 0000 83e2 
  0x00000132495d1900: 0183 fa00 | 48ba d8f0 | 3b5b 3201 | 0000 49b8 | 4801 0000 | 0000 0000 | 0f84 0a00 | 0000 49b8 
  0x00000132495d1920: 5801 0000 | 0000 0000 | 4e8b 0c02 | 4d8d 4901 | 4e89 0c02 | 0f84 5000 | 0000 8b50 | 1444 8b48 
  0x00000132495d1940: 0c49 b8d8 | f03b 5b32 | 0100 0049 | 8380 6801 | 0000 0141 | b800 0000 | 0066 0f1f | 4400 00e8 
  0x00000132495d1960: bcc3 5907 | 48ba d8f0 | 3b5b 3201 | 0000 ff82 | 7801 0000 | 4881 c4a0 | 0000 005d | 493b a740 
  0x00000132495d1980: 0300 000f | 87b5 0500 | 00c3 8b50 | 1444 8b48 | 0c49 b8d8 | f03b 5b32 | 0100 0049 | 8380 9001 
  0x00000132495d19a0: 0000 0141 | b800 0000 | 0066 0f1f | 4400 00e8 | ccfc 0107 | 4881 c4a0 | 0000 005d | 493b a740 
  0x00000132495d19c0: 0300 000f | 878b 0500 | 00c3 4c8b | c048 be68 | ec88 5c32 | 0100 0048 | 8386 3803 | 0000 0149 
  0x00000132495d19e0: b830 ed3b | 5b32 0100 | 0041 8bb0 | cc00 0000 | 83c6 0241 | 89b0 cc00 | 0000 81e6 | feff 1f00 
  0x00000132495d1a00: 83fe 000f | 8461 0500 | 004c 8bc0 | 48be 30ed | 3b5b 3201 | 0000 4883 | 8610 0100 | 0001 49b8 
  0x00000132495d1a20: 8853 4dc0 | 0000 0000 | 488b d00f | 1f40 00e8 | 2c23 5f07 | 48ba 68ec | 885c 3201 | 0000 4883 
  0x00000132495d1a40: 8270 0300 | 0001 488b | 9424 8800 | 0000 90e8 | 8c20 ffff | 4c8b 8424 | 8000 0000 | 48ba 68ec 
  0x00000132495d1a60: 885c 3201 | 0000 4883 | 8280 0300 | 0001 49b8 | 30ed 3b5b | 3201 0000 | 418b 90cc | 0000 0083 
  0x00000132495d1a80: c202 4189 | 90cc 0000 | 0081 e2fe | ff1f 0083 | fa00 0f84 | f304 0000 | 4c8b 8424 | 8000 0000 
  0x00000132495d1aa0: 48ba 30ed | 3b5b 3201 | 0000 4883 | 8210 0100 | 0001 4c8b | c048 8b94 | 2480 0000 | 0066 90e8 
  0x00000132495d1ac0: 9c22 5f07 | 488b 8424 | 8000 0000 | 49b8 68ec | 885c 3201 | 0000 4983 | 80b8 0300 | 0001 49b8 
  0x00000132495d1ae0: c018 3e5b | 3201 0000 | 418b 90cc | 0000 0083 | c202 4189 | 90cc 0000 | 0081 e2fe | ff1f 0083 
  0x00000132495d1b00: fa00 0f84 | a404 0000 | 488b 8424 | 8000 0000 | 49b8 c018 | 3e5b 3201 | 0000 4983 | 8010 0100 
  0x00000132495d1b20: 0001 41b8 | 3b00 0000 | 488b 9424 | 8000 0000 | 0f1f 8000 | 0000 00e8 | a415 6707 | 488b 8424 
  0x00000132495d1b40: 8000 0000 | 48ba 68ec | 885c 3201 | 0000 4883 | 82f0 0300 | 0001 48ba | d8f0 3b5b | 3201 0000 
  0x00000132495d1b60: 448b 82cc | 0000 0041 | 83c0 0244 | 8982 cc00 | 0000 4181 | e0fe ff1f | 0041 83f8 | 000f 844a 
  0x00000132495d1b80: 0400 0048 | 8b84 2480 | 0000 0048 | bad8 f03b | 5b32 0100 | 0048 8382 | 1001 0000 | 0148 baf0 
  0x00000132495d1ba0: 8e3b 5b32 | 0100 0044 | 8b82 cc00 | 0000 4183 | c002 4489 | 82cc 0000 | 0041 81e0 | feff 1f00 
  0x00000132495d1bc0: 4183 f800 | 0f84 2404 | 0000 48ba | f08e 3b5b | 3201 0000 | ff82 2001 | 0000 488b | 8424 8000 
  0x00000132495d1be0: 0000 0fbe | 5010 83fa | 0048 baf0 | 8e3b 5b32 | 0100 0049 | b830 0100 | 0000 0000 | 000f 850a 
  0x00000132495d1c00: 0000 0049 | b840 0100 | 0000 0000 | 004e 8b0c | 024d 8d49 | 014e 890c | 020f 851a | 0000 0048 
  0x00000132495d1c20: baf0 8e3b | 5b32 0100 | 00ff 8250 | 0100 00ba | 0100 0000 | e905 0000 | 00ba 0000 | 0000 83e2 
  0x00000132495d1c40: 0183 fa00 | 48ba d8f0 | 3b5b 3201 | 0000 49b8 | 4801 0000 | 0000 0000 | 0f84 0a00 | 0000 49b8 
  0x00000132495d1c60: 5801 0000 | 0000 0000 | 4e8b 0c02 | 4d8d 4901 | 4e89 0c02 | 0f84 5000 | 0000 8b50 | 1444 8b48 
  0x00000132495d1c80: 0c49 b8d8 | f03b 5b32 | 0100 0049 | 8380 6801 | 0000 0141 | b800 0000 | 0066 0f1f | 4400 00e8 
  0x00000132495d1ca0: 7cc0 5907 | 48ba d8f0 | 3b5b 3201 | 0000 ff82 | 7801 0000 | 4881 c4a0 | 0000 005d | 493b a740 
  0x00000132495d1cc0: 0300 000f | 8746 0300 | 00c3 8b50 | 1444 8b48 | 0c49 b8d8 | f03b 5b32 | 0100 0049 | 8380 9001 
  0x00000132495d1ce0: 0000 0141 | b800 0000 | 0066 0f1f | 4400 00e8 | 8cf9 0107 | 4881 c4a0 | 0000 005d | 493b a740 
  0x00000132495d1d00: 0300 000f | 871c 0300 | 00c3 4881 | c4a0 0000 | 005d 493b | a740 0300 | 000f 871c | 0300 00c3 
  0x00000132495d1d20: 49ba 8054 | 425b 3201 | 0000 4c89 | 5424 0848 | c704 24ff | ffff ffe8 | c469 0c07 | e956 f3ff 
  0x00000132495d1d40: ff48 8bd2 | e837 6803 | 07e9 95f3 | ffff 49ba | 18a0 095b | 3201 0000 | 4c89 5424 | 0848 c704 
  0x00000132495d1d60: 24ff ffff | ffe8 9669 | 0c07 e9bb | f3ff ffe8 | ac3b 0307 | 49ba 2092 | 005b 3201 | 0000 4c89 
  0x00000132495d1d80: 5424 0848 | c704 24ff | ffff ffe8 | 7069 0c07 | e920 f4ff | ff49 ba50 | 8000 5b32 | 0100 004c 
  0x00000132495d1da0: 8954 2408 | 48c7 0424 | ffff ffff | e84f 690c | 07e9 41f4 | ffff e865 | 3b03 0749 | baa0 c500 
  0x00000132495d1dc0: 5b32 0100 | 004c 8954 | 2408 48c7 | 0424 ffff | ffff e829 | 690c 07e9 | 64f4 ffff | 49ba 5080 
  0x00000132495d1de0: 005b 3201 | 0000 4c89 | 5424 0848 | c704 24ff | ffff ffe8 | 0869 0c07 | e9b8 f4ff | ff49 baa0 
  0x00000132495d1e00: c500 5b32 | 0100 004c | 8954 2408 | 48c7 0424 | ffff ffff | e8e7 680c | 07e9 d3f4 | ffff 49ba 
  0x00000132495d1e20: 8054 425b | 3201 0000 | 4c89 5424 | 0848 c704 | 2424 0000 | 00e8 c668 | 0c07 e966 | f5ff ff49 
  0x00000132495d1e40: ba50 8000 | 5b32 0100 | 004c 8954 | 2408 48c7 | 0424 ffff | ffff e8a5 | 680c 07e9 | d2f5 ffff 
  0x00000132495d1e60: e8bb 3a03 | 0749 baa0 | c500 5b32 | 0100 004c | 8954 2408 | 48c7 0424 | ffff ffff | e87f 680c 
  0x00000132495d1e80: 07e9 f5f5 | ffff 49ba | c8a3 095b | 3201 0000 | 4c89 5424 | 0848 c704 | 24ff ffff | ffe8 5e68 
  0x00000132495d1ea0: 0c07 e971 | f6ff ff49 | baf0 0825 | 5b32 0100 | 004c 8954 | 2408 48c7 | 0424 ffff | ffff e83d 
  0x00000132495d1ec0: 680c 07e9 | f1f6 ffff | e853 3a03 | 07e8 4e3a | 0307 4889 | 0424 e845 | 4d0c 0749 | bac8 a309 
  0x00000132495d1ee0: 5b32 0100 | 004c 8954 | 2408 48c7 | 0424 ffff | ffff e809 | 680c 07e9 | d3f8 ffff | 49ba 40b7 
  0x00000132495d1f00: 095b 3201 | 0000 4c89 | 5424 0848 | c704 24ff | ffff ffe8 | e867 0c07 | e926 f9ff | ff49 bac8 
  0x00000132495d1f20: 8109 5b32 | 0100 004c | 8954 2408 | 48c7 0424 | ffff ffff | e8c7 670c | 07e9 4cf9 | ffff 49ba 
  0x00000132495d1f40: 7c19 5d49 | 3201 0000 | 4d89 9758 | 0300 00e9 | ac57 0207 | 49ba bc19 | 5d49 3201 | 0000 4d89 
  0x00000132495d1f60: 9758 0300 | 00e9 9657 | 0207 49ba | c8a3 095b | 3201 0000 | 4c89 5424 | 0848 c704 | 24ff ffff 
  0x00000132495d1f80: ffe8 7a67 | 0c07 e97e | faff ff49 | bac8 a309 | 5b32 0100 | 004c 8954 | 2408 48c7 | 0424 ffff 
  0x00000132495d1fa0: ffff e859 | 670c 07e9 | ecfa ffff | 49ba e0a7 | 095b 3201 | 0000 4c89 | 5424 0848 | c704 24ff 
  0x00000132495d1fc0: ffff ffe8 | 3867 0c07 | e93b fbff | ff49 ba40 | b709 5b32 | 0100 004c | 8954 2408 | 48c7 0424 
  0x00000132495d1fe0: ffff ffff | e817 670c | 07e9 95fb | ffff 49ba | c881 095b | 3201 0000 | 4c89 5424 | 0848 c704 
  0x00000132495d2000: 24ff ffff | ffe8 f666 | 0c07 e9bb | fbff ff49 | babc 1c5d | 4932 0100 | 004d 8997 | 5803 0000 
  0x00000132495d2020: e9db 5602 | 0749 bafc | 1c5d 4932 | 0100 004d | 8997 5803 | 0000 e9c5 | 5602 0749 | ba12 1d5d 
  0x00000132495d2040: 4932 0100 | 004d 8997 | 5803 0000 | e9af 5602 | 0790 9049 | 8b87 d003 | 0000 49c7 | 87d0 0300 
  0x00000132495d2060: 0000 0000 | 0049 c787 | d803 0000 | 0000 0000 | 4881 c4a0 | 0000 005d | e983 4a03 | 07f4 f4f4 
  0x00000132495d2080: 0f1f 4400 | 0048 bb00 | 0000 0000 | 0000 00e9 | fbff ffff | 9048 bb00 | 0000 0000 | 0000 00e9 
  0x00000132495d20a0: fbff ffff | 9048 bb00 | 0000 0000 | 0000 00e9 | fbff ffff | 9048 bb00 | 0000 0000 | 0000 00e9 
  0x00000132495d20c0: fbff ffff | 9048 bb00 | 0000 0000 | 0000 00e9 | fbff ffff | 9048 bb00 | 0000 0000 | 0000 00e9 
  0x00000132495d20e0: fbff ffff | 9048 bb00 | 0000 0000 | 0000 00e9 | fbff ffff | 9048 bb00 | 0000 0000 | 0000 00e9 
  0x00000132495d2100: fbff ffff | 9048 bb00 | 0000 0000 | 0000 00e9 | fbff ffff | 9048 bb00 | 0000 0000 | 0000 00e9 
  0x00000132495d2120: fbff ffff | 9048 bb00 | 0000 0000 | 0000 00e9 | fbff ffff | 9048 bb00 | 0000 0000 | 0000 00e9 
  0x00000132495d2140: fbff ffff | 9048 bb00 | 0000 0000 | 0000 00e9 | fbff ffff | 9048 bb00 | 0000 0000 | 0000 00e9 
  0x00000132495d2160: fbff ffff | e897 4c03 | 0748 b978 | 8877 38fd | 7f00 0048 | 83e4 f049 | ba30 db3f | 38fd 7f00 
  0x00000132495d2180: 0041 ffd2 | f449 ba85 | 215d 4932 | 0100 0041 | 52e9 0a48 | 0207 f4f4 
[/MachCode]
--------------------------------------------------------------------------------


---------------  P R O C E S S  ---------------

Threads class SMR info:
_java_thread_list=0x0000013263ab6760, length=28, elements={
0x00000132463ecb60, 0x00000132464a9930, 0x00000132464abf50, 0x000001325a263a60,
0x000001325a264520, 0x000001325a2650d0, 0x000001325fab5f20, 0x000001325fab6cb0,
0x000001325fb03610, 0x000001325a26cf30, 0x000001325fbe0000, 0x000001325fdf6660,
0x00000132607fecb0, 0x00000132607d5360, 0x00000132607d5b00, 0x0000013260845a70,
0x00000132605e7ad0, 0x000001326069b760, 0x0000013260a4d470, 0x0000013260aaabc0,
0x0000013260aa8ee0, 0x0000013260aa93b0, 0x0000013260aa9880, 0x0000013260aab090,
0x0000013260aa8a10, 0x0000013260aa9d50, 0x0000013260aab560, 0x0000013260a089a0
}

Java Threads: ( => current thread )
  0x00000132463ecb60 JavaThread "main" [_thread_blocked, id=7388, stack(0x00000013f9800000,0x00000013f9900000)]
  0x00000132464a9930 JavaThread "Reference Handler" daemon [_thread_blocked, id=11212, stack(0x00000013f9b00000,0x00000013f9c00000)]
  0x00000132464abf50 JavaThread "Finalizer" daemon [_thread_blocked, id=17560, stack(0x00000013f9c00000,0x00000013f9d00000)]
  0x000001325a263a60 JavaThread "Signal Dispatcher" daemon [_thread_blocked, id=4856, stack(0x00000013f9d00000,0x00000013f9e00000)]
  0x000001325a264520 JavaThread "Attach Listener" daemon [_thread_blocked, id=13376, stack(0x00000013f9e00000,0x00000013f9f00000)]
  0x000001325a2650d0 JavaThread "Service Thread" daemon [_thread_blocked, id=24580, stack(0x00000013f9f00000,0x00000013fa000000)]
  0x000001325fab5f20 JavaThread "Monitor Deflation Thread" daemon [_thread_blocked, id=7744, stack(0x00000013fa000000,0x00000013fa100000)]
  0x000001325fab6cb0 JavaThread "C2 CompilerThread0" daemon [_thread_in_native, id=1964, stack(0x00000013fa100000,0x00000013fa200000)]
  0x000001325fb03610 JavaThread "C1 CompilerThread0" daemon [_thread_blocked, id=21336, stack(0x00000013fa200000,0x00000013fa300000)]
  0x000001325a26cf30 JavaThread "Sweeper thread" daemon [_thread_blocked, id=18704, stack(0x00000013fa300000,0x00000013fa400000)]
  0x000001325fbe0000 JavaThread "Common-Cleaner" daemon [_thread_blocked, id=13020, stack(0x00000013fa400000,0x00000013fa500000)]
  0x000001325fdf6660 JavaThread "Notification Thread" daemon [_thread_blocked, id=8888, stack(0x00000013fa500000,0x00000013fa600000)]
  0x00000132607fecb0 JavaThread "Active Thread: Equinox Container: 908fd76c-272b-41ea-b94b-76b9141767e9" [_thread_blocked, id=24072, stack(0x00000013fad00000,0x00000013fae00000)]
  0x00000132607d5360 JavaThread "Framework Event Dispatcher: Equinox Container: 908fd76c-272b-41ea-b94b-76b9141767e9" daemon [_thread_blocked, id=7176, stack(0x00000013fa700000,0x00000013fa800000)]
  0x00000132607d5b00 JavaThread "Start Level: Equinox Container: 908fd76c-272b-41ea-b94b-76b9141767e9" daemon [_thread_blocked, id=19644, stack(0x00000013fae00000,0x00000013faf00000)]
  0x0000013260845a70 JavaThread "SCR Component Actor" daemon [_thread_blocked, id=8140, stack(0x00000013faf00000,0x00000013fb000000)]
  0x00000132605e7ad0 JavaThread "SCR Component Registry" daemon [_thread_blocked, id=7220, stack(0x00000013fb000000,0x00000013fb100000)]
  0x000001326069b760 JavaThread "Worker-JM" [_thread_blocked, id=22580, stack(0x00000013fb100000,0x00000013fb200000)]
  0x0000013260a4d470 JavaThread "Worker-0" [_thread_blocked, id=13124, stack(0x00000013fb200000,0x00000013fb300000)]
  0x0000013260aaabc0 JavaThread "Worker-1" [_thread_blocked, id=24864, stack(0x00000013fb300000,0x00000013fb400000)]
  0x0000013260aa8ee0 JavaThread "Java indexing" daemon [_thread_blocked, id=24444, stack(0x00000013fb500000,0x00000013fb600000)]
  0x0000013260aa93b0 JavaThread "Worker-2" [_thread_blocked, id=2364, stack(0x00000013fb600000,0x00000013fb700000)]
  0x0000013260aa9880 JavaThread "JNA Cleaner" daemon [_thread_blocked, id=19640, stack(0x00000013fb700000,0x00000013fb800000)]
=>0x0000013260aab090 JavaThread "Worker-3: Initialize Workspace" [_thread_in_Java, id=5064, stack(0x00000013fb800000,0x00000013fb900000)]
  0x0000013260aa8a10 JavaThread "pool-2-thread-1" [_thread_blocked, id=23428, stack(0x00000013fb900000,0x00000013fba00000)]
  0x0000013260aa9d50 JavaThread "WorkspaceEventsHandler" [_thread_blocked, id=14216, stack(0x00000013fba00000,0x00000013fbb00000)]
  0x0000013260aab560 JavaThread "pool-1-thread-1" [_thread_blocked, id=13320, stack(0x00000013fbb00000,0x00000013fbc00000)]
  0x0000013260a089a0 JavaThread "C2 CompilerThread1" daemon [_thread_in_native, id=19492, stack(0x00000013fb400000,0x00000013fb500000)]

Other Threads:
  0x000001325a23e500 VMThread "VM Thread" [stack: 0x00000013f9a00000,0x00000013f9b00000] [id=21284] _threads_hazard_ptr=0x0000013263ab6760
  0x000001325fdf0720 WatcherThread [stack: 0x00000013fa600000,0x00000013fa700000] [id=15440]
  0x0000013246400f80 GCTaskThread "GC Thread#0" [stack: 0x00000013f9900000,0x00000013f9a00000] [id=5244]
  0x000001326038d580 GCTaskThread "GC Thread#1" [stack: 0x00000013fa800000,0x00000013fa900000] [id=25484]
  0x0000013260153160 GCTaskThread "GC Thread#2" [stack: 0x00000013fa900000,0x00000013faa00000] [id=13104]
  0x0000013260153410 GCTaskThread "GC Thread#3" [stack: 0x00000013faa00000,0x00000013fab00000] [id=24828]
  0x00000132601536c0 GCTaskThread "GC Thread#4" [stack: 0x00000013fab00000,0x00000013fac00000] [id=17084]
  0x0000013260153970 GCTaskThread "GC Thread#5" [stack: 0x00000013fac00000,0x00000013fad00000] [id=10328]

Threads with active compile tasks:
C2 CompilerThread0    11919 5133       4       jdk.internal.jrtfs.JrtPath::getName (6 bytes)
C2 CompilerThread1    11919 5134       4       jdk.internal.jrtfs.JrtPath::getName (116 bytes)

VM state: not at safepoint (normal execution)

VM Mutex/Monitor currently owned by a thread: None

Heap address: 0x00000000c0000000, size: 1024 MB, Compressed Oops mode: 32-bit

CDS archive(s) not mapped
Compressed class space mapped at: 0x0000000100000000-0x0000000140000000, reserved size: 1073741824
Narrow klass base: 0x0000000000000000, Narrow klass shift: 3, Narrow klass range: 0x140000000

GC Precious Log:
 CPUs: 6 total, 6 available
 Memory: 7579M
 Large Page Support: Disabled
 NUMA Support: Disabled
 Compressed Oops: Enabled (32-bit)
 Alignments: Space 512K, Generation 512K, Heap 2M
 Heap Min Capacity: 100M
 Heap Initial Capacity: 100M
 Heap Max Capacity: 1G
 Pre-touch: Disabled
 Parallel Workers: 6

Heap:
 PSYoungGen      total 23552K, used 13964K [0x00000000eab00000, 0x00000000ec500000, 0x0000000100000000)
  eden space 20992K, 55% used [0x00000000eab00000,0x00000000eb64b2c8,0x00000000ebf80000)
  from space 2560K, 93% used [0x00000000ec000000,0x00000000ec258010,0x00000000ec280000)
  to   space 2560K, 0% used [0x00000000ec280000,0x00000000ec280000,0x00000000ec500000)
 ParOldGen       total 68608K, used 27430K [0x00000000c0000000, 0x00000000c4300000, 0x00000000eab00000)
  object space 68608K, 39% used [0x00000000c0000000,0x00000000c1ac9af8,0x00000000c4300000)
 Metaspace       used 50166K, committed 51008K, reserved 1114112K
  class space    used 5484K, committed 5824K, reserved 1048576K

Card table byte_map: [0x0000013245d90000,0x0000013245fa0000] _byte_map_base: 0x0000013245790000

Marking Bits: (ParMarkBitMap*) 0x00007ffd389d52c0
 Begin Bits: [0x0000013258070000, 0x0000013259070000)
 End Bits:   [0x0000013259070000, 0x000001325a070000)

Polling page: 0x00000132443a0000

Metaspace:

Usage:
  Non-class:     43.63 MB used.
      Class:      5.36 MB used.
       Both:     48.99 MB used.

Virtual space:
  Non-class space:       64.00 MB reserved,      44.12 MB ( 69%) committed,  1 nodes.
      Class space:        1.00 GB reserved,       5.69 MB ( <1%) committed,  1 nodes.
             Both:        1.06 GB reserved,      49.81 MB (  5%) committed. 

Chunk freelists:
   Non-Class:  3.89 MB
       Class:  10.33 MB
        Both:  14.22 MB

MaxMetaspaceSize: unlimited
CompressedClassSpaceSize: 1.00 GB
Initial GC threshold: 21.00 MB
Current GC threshold: 58.38 MB
CDS: off
MetaspaceReclaimPolicy: balanced
 - commit_granule_bytes: 65536.
 - commit_granule_words: 8192.
 - virtual_space_node_default_size: 8388608.
 - enlarge_chunks_in_place: 1.
 - new_chunks_are_fully_committed: 0.
 - uncommit_free_chunks: 1.
 - use_allocation_guard: 0.
 - handle_deallocations: 1.


Internal statistics:

num_allocs_failed_limit: 6.
num_arena_births: 424.
num_arena_deaths: 14.
num_vsnodes_births: 2.
num_vsnodes_deaths: 0.
num_space_committed: 797.
num_space_uncommitted: 0.
num_chunks_returned_to_freelist: 20.
num_chunks_taken_from_freelist: 2208.
num_chunk_merges: 10.
num_chunk_splits: 1419.
num_chunks_enlarged: 925.
num_inconsistent_stats: 0.

CodeHeap 'non-profiled nmethods': size=120000Kb used=2498Kb max_used=2683Kb free=117501Kb
 bounds [0x0000013250b40000, 0x0000013250de0000, 0x0000013258070000]
CodeHeap 'profiled nmethods': size=120000Kb used=9897Kb max_used=11150Kb free=110102Kb
 bounds [0x0000013249070000, 0x0000013249b60000, 0x00000132505a0000]
CodeHeap 'non-nmethods': size=5760Kb used=1289Kb max_used=1349Kb free=4470Kb
 bounds [0x00000132505a0000, 0x0000013250810000, 0x0000013250b40000]
 total_blobs=5469 nmethods=4848 adapters=534
 compilation: enabled
              stopped_count=0, restarted_count=0
 full_count=0

Compilation events (20 events):
Event: 11.839 Thread 0x000001325fab6cb0 nmethod 5218 0x0000013250b7b010 code [0x0000013250b7b180, 0x0000013250b7b258]
Event: 11.839 Thread 0x000001325fab6cb0 5120       4       java.util.Spliterators$1Adapter::next (39 bytes)
Event: 11.839 Thread 0x000001325fab6cb0 nmethod 5120 0x0000013250b7e710 code [0x0000013250b7e880, 0x0000013250b7e938]
Event: 11.839 Thread 0x000001325fab6cb0 5129       4       jdk.internal.jrtfs.JrtFileSystemProvider::readAttributes (25 bytes)
Event: 11.841 Thread 0x000001325fab6cb0 nmethod 5129 0x0000013250b84090 code [0x0000013250b84240, 0x0000013250b84428]
Event: 11.841 Thread 0x000001325fab6cb0 5130       4       jdk.internal.jrtfs.JrtFileSystem::getFileAttributes (42 bytes)
Event: 11.843 Thread 0x000001325fab6cb0 nmethod 5130 0x0000013250b7d310 code [0x0000013250b7d4a0, 0x0000013250b7d608]
Event: 11.843 Thread 0x000001325fab6cb0 5131       4       jdk.internal.jrtfs.JrtFileAttributes::isDirectory (8 bytes)
Event: 11.844 Thread 0x000001325fab6cb0 nmethod 5131 0x0000013250b9da90 code [0x0000013250b9dc00, 0x0000013250b9dc98]
Event: 11.844 Thread 0x000001325fab6cb0 5124       4       java.util.stream.SpinedBuffer::get (123 bytes)
Event: 11.845 Thread 0x000001325fab6cb0 nmethod 5124 0x0000013250b4ed90 code [0x0000013250b4ef00, 0x0000013250b4eff8]
Event: 11.845 Thread 0x000001325fab6cb0 5121       4       jdk.internal.jrtfs.JrtFileSystem$$Lambda$337/0x0000000100573b98::apply (16 bytes)
Event: 11.867 Thread 0x000001325fb03610 5310       1       lombok.patcher.scripts.WrapReturnValuesScript::access$1 (5 bytes)
Event: 11.867 Thread 0x000001325fb03610 nmethod 5310 0x0000013250bd3490 code [0x0000013250bd3620, 0x0000013250bd36d8]
Event: 11.867 Thread 0x000001325fb03610 5311       2       org.objectweb.asm.MethodWriter::visitFrame (811 bytes)
Event: 11.868 Thread 0x000001325fb03610 nmethod 5311 0x00000132490fd290 code [0x00000132490fd6a0, 0x00000132490fe998]
Event: 11.868 Thread 0x000001325fb03610 5312       2       org.objectweb.asm.ClassReader::readStackMapFrame (535 bytes)
Event: 11.869 Thread 0x000001325fb03610 nmethod 5312 0x00000132490b4810 code [0x00000132490b4a40, 0x00000132490b5388]
Event: 11.869 Thread 0x000001325fb03610 5313       2       org.objectweb.asm.Label::put (83 bytes)
Event: 11.869 Thread 0x000001325fb03610 nmethod 5313 0x00000132490aba90 code [0x00000132490abc80, 0x00000132490abf18]

GC Heap History (20 events):
Event: 9.229 GC heap before
{Heap before GC invocations=12 (full 2):
 PSYoungGen      total 24064K, used 22528K [0x00000000eab00000, 0x00000000ec800000, 0x0000000100000000)
  eden space 22528K, 100% used [0x00000000eab00000,0x00000000ec100000,0x00000000ec100000)
  from space 1536K, 0% used [0x00000000ec100000,0x00000000ec100000,0x00000000ec280000)
  to   space 3072K, 0% used [0x00000000ec500000,0x00000000ec500000,0x00000000ec800000)
 ParOldGen       total 68608K, used 12474K [0x00000000c0000000, 0x00000000c4300000, 0x00000000eab00000)
  object space 68608K, 18% used [0x00000000c0000000,0x00000000c0c2eb38,0x00000000c4300000)
 Metaspace       used 38441K, committed 39232K, reserved 1114112K
  class space    used 4029K, committed 4352K, reserved 1048576K
}
Event: 9.230 GC heap after
{Heap after GC invocations=12 (full 2):
 PSYoungGen      total 23040K, used 896K [0x00000000eab00000, 0x00000000ec600000, 0x0000000100000000)
  eden space 22016K, 0% used [0x00000000eab00000,0x00000000eab00000,0x00000000ec080000)
  from space 1024K, 87% used [0x00000000ec500000,0x00000000ec5e0000,0x00000000ec600000)
  to   space 1536K, 0% used [0x00000000ec300000,0x00000000ec300000,0x00000000ec480000)
 ParOldGen       total 68608K, used 12482K [0x00000000c0000000, 0x00000000c4300000, 0x00000000eab00000)
  object space 68608K, 18% used [0x00000000c0000000,0x00000000c0c30b38,0x00000000c4300000)
 Metaspace       used 38441K, committed 39232K, reserved 1114112K
  class space    used 4029K, committed 4352K, reserved 1048576K
}
Event: 9.714 GC heap before
{Heap before GC invocations=13 (full 2):
 PSYoungGen      total 23040K, used 22912K [0x00000000eab00000, 0x00000000ec600000, 0x0000000100000000)
  eden space 22016K, 100% used [0x00000000eab00000,0x00000000ec080000,0x00000000ec080000)
  from space 1024K, 87% used [0x00000000ec500000,0x00000000ec5e0000,0x00000000ec600000)
  to   space 1536K, 0% used [0x00000000ec300000,0x00000000ec300000,0x00000000ec480000)
 ParOldGen       total 68608K, used 12482K [0x00000000c0000000, 0x00000000c4300000, 0x00000000eab00000)
  object space 68608K, 18% used [0x00000000c0000000,0x00000000c0c30b38,0x00000000c4300000)
 Metaspace       used 40136K, committed 40960K, reserved 1114112K
  class space    used 4248K, committed 4544K, reserved 1048576K
}
Event: 9.716 GC heap after
{Heap after GC invocations=13 (full 2):
 PSYoungGen      total 23552K, used 640K [0x00000000eab00000, 0x00000000ec580000, 0x0000000100000000)
  eden space 22016K, 0% used [0x00000000eab00000,0x00000000eab00000,0x00000000ec080000)
  from space 1536K, 41% used [0x00000000ec300000,0x00000000ec3a0000,0x00000000ec480000)
  to   space 1024K, 0% used [0x00000000ec480000,0x00000000ec480000,0x00000000ec580000)
 ParOldGen       total 68608K, used 13319K [0x00000000c0000000, 0x00000000c4300000, 0x00000000eab00000)
  object space 68608K, 19% used [0x00000000c0000000,0x00000000c0d01cb8,0x00000000c4300000)
 Metaspace       used 40136K, committed 40960K, reserved 1114112K
  class space    used 4248K, committed 4544K, reserved 1048576K
}
Event: 10.034 GC heap before
{Heap before GC invocations=14 (full 2):
 PSYoungGen      total 23552K, used 22656K [0x00000000eab00000, 0x00000000ec580000, 0x0000000100000000)
  eden space 22016K, 100% used [0x00000000eab00000,0x00000000ec080000,0x00000000ec080000)
  from space 1536K, 41% used [0x00000000ec300000,0x00000000ec3a0000,0x00000000ec480000)
  to   space 1024K, 0% used [0x00000000ec480000,0x00000000ec480000,0x00000000ec580000)
 ParOldGen       total 68608K, used 13319K [0x00000000c0000000, 0x00000000c4300000, 0x00000000eab00000)
  object space 68608K, 19% used [0x00000000c0000000,0x00000000c0d01cb8,0x00000000c4300000)
 Metaspace       used 42892K, committed 43776K, reserved 1114112K
  class space    used 4611K, committed 4992K, reserved 1048576K
}
Event: 10.036 GC heap after
{Heap after GC invocations=14 (full 2):
 PSYoungGen      total 23040K, used 1024K [0x00000000eab00000, 0x00000000ec580000, 0x0000000100000000)
  eden space 22016K, 0% used [0x00000000eab00000,0x00000000eab00000,0x00000000ec080000)
  from space 1024K, 100% used [0x00000000ec480000,0x00000000ec580000,0x00000000ec580000)
  to   space 2048K, 0% used [0x00000000ec180000,0x00000000ec180000,0x00000000ec380000)
 ParOldGen       total 68608K, used 13862K [0x00000000c0000000, 0x00000000c4300000, 0x00000000eab00000)
  object space 68608K, 20% used [0x00000000c0000000,0x00000000c0d899b8,0x00000000c4300000)
 Metaspace       used 42892K, committed 43776K, reserved 1114112K
  class space    used 4611K, committed 4992K, reserved 1048576K
}
Event: 10.369 GC heap before
{Heap before GC invocations=15 (full 2):
 PSYoungGen      total 23040K, used 23040K [0x00000000eab00000, 0x00000000ec580000, 0x0000000100000000)
  eden space 22016K, 100% used [0x00000000eab00000,0x00000000ec080000,0x00000000ec080000)
  from space 1024K, 100% used [0x00000000ec480000,0x00000000ec580000,0x00000000ec580000)
  to   space 2048K, 0% used [0x00000000ec180000,0x00000000ec180000,0x00000000ec380000)
 ParOldGen       total 68608K, used 13862K [0x00000000c0000000, 0x00000000c4300000, 0x00000000eab00000)
  object space 68608K, 20% used [0x00000000c0000000,0x00000000c0d899b8,0x00000000c4300000)
 Metaspace       used 45819K, committed 46720K, reserved 1114112K
  class space    used 4997K, committed 5376K, reserved 1048576K
}
Event: 10.372 GC heap after
{Heap after GC invocations=15 (full 2):
 PSYoungGen      total 24064K, used 1400K [0x00000000eab00000, 0x00000000ec500000, 0x0000000100000000)
  eden space 22016K, 0% used [0x00000000eab00000,0x00000000eab00000,0x00000000ec080000)
  from space 2048K, 68% used [0x00000000ec180000,0x00000000ec2de080,0x00000000ec380000)
  to   space 1536K, 0% used [0x00000000ec380000,0x00000000ec380000,0x00000000ec500000)
 ParOldGen       total 68608K, used 14902K [0x00000000c0000000, 0x00000000c4300000, 0x00000000eab00000)
  object space 68608K, 21% used [0x00000000c0000000,0x00000000c0e8d9b8,0x00000000c4300000)
 Metaspace       used 45819K, committed 46720K, reserved 1114112K
  class space    used 4997K, committed 5376K, reserved 1048576K
}
Event: 11.462 GC heap before
{Heap before GC invocations=16 (full 2):
 PSYoungGen      total 24064K, used 23416K [0x00000000eab00000, 0x00000000ec500000, 0x0000000100000000)
  eden space 22016K, 99% used [0x00000000eab00000,0x00000000ec07fff0,0x00000000ec080000)
  from space 2048K, 68% used [0x00000000ec180000,0x00000000ec2de080,0x00000000ec380000)
  to   space 1536K, 0% used [0x00000000ec380000,0x00000000ec380000,0x00000000ec500000)
 ParOldGen       total 68608K, used 14902K [0x00000000c0000000, 0x00000000c4300000, 0x00000000eab00000)
  object space 68608K, 21% used [0x00000000c0000000,0x00000000c0e8d9b8,0x00000000c4300000)
 Metaspace       used 48404K, committed 49280K, reserved 1114112K
  class space    used 5294K, committed 5632K, reserved 1048576K
}
Event: 11.464 GC heap after
{Heap after GC invocations=16 (full 2):
 PSYoungGen      total 22528K, used 1519K [0x00000000eab00000, 0x00000000ec880000, 0x0000000100000000)
  eden space 20992K, 0% used [0x00000000eab00000,0x00000000eab00000,0x00000000ebf80000)
  from space 1536K, 98% used [0x00000000ec380000,0x00000000ec4fbe48,0x00000000ec500000)
  to   space 4096K, 0% used [0x00000000ebf80000,0x00000000ebf80000,0x00000000ec380000)
 ParOldGen       total 68608K, used 17055K [0x00000000c0000000, 0x00000000c4300000, 0x00000000eab00000)
  object space 68608K, 24% used [0x00000000c0000000,0x00000000c10a7d00,0x00000000c4300000)
 Metaspace       used 48404K, committed 49280K, reserved 1114112K
  class space    used 5294K, committed 5632K, reserved 1048576K
}
Event: 11.563 GC heap before
{Heap before GC invocations=17 (full 2):
 PSYoungGen      total 22528K, used 22511K [0x00000000eab00000, 0x00000000ec880000, 0x0000000100000000)
  eden space 20992K, 100% used [0x00000000eab00000,0x00000000ebf80000,0x00000000ebf80000)
  from space 1536K, 98% used [0x00000000ec380000,0x00000000ec4fbe48,0x00000000ec500000)
  to   space 4096K, 0% used [0x00000000ebf80000,0x00000000ebf80000,0x00000000ec380000)
 ParOldGen       total 68608K, used 17055K [0x00000000c0000000, 0x00000000c4300000, 0x00000000eab00000)
  object space 68608K, 24% used [0x00000000c0000000,0x00000000c10a7d00,0x00000000c4300000)
 Metaspace       used 48927K, committed 49792K, reserved 1114112K
  class space    used 5363K, committed 5760K, reserved 1048576K
}
Event: 11.566 GC heap after
{Heap after GC invocations=17 (full 2):
 PSYoungGen      total 23552K, used 2112K [0x00000000eab00000, 0x00000000ec580000, 0x0000000100000000)
  eden space 20992K, 0% used [0x00000000eab00000,0x00000000eab00000,0x00000000ebf80000)
  from space 2560K, 82% used [0x00000000ebf80000,0x00000000ec190020,0x00000000ec200000)
  to   space 3072K, 0% used [0x00000000ec280000,0x00000000ec280000,0x00000000ec580000)
 ParOldGen       total 68608K, used 18603K [0x00000000c0000000, 0x00000000c4300000, 0x00000000eab00000)
  object space 68608K, 27% used [0x00000000c0000000,0x00000000c122ad80,0x00000000c4300000)
 Metaspace       used 48927K, committed 49792K, reserved 1114112K
  class space    used 5363K, committed 5760K, reserved 1048576K
}
Event: 11.614 GC heap before
{Heap before GC invocations=18 (full 2):
 PSYoungGen      total 23552K, used 23104K [0x00000000eab00000, 0x00000000ec580000, 0x0000000100000000)
  eden space 20992K, 100% used [0x00000000eab00000,0x00000000ebf80000,0x00000000ebf80000)
  from space 2560K, 82% used [0x00000000ebf80000,0x00000000ec190020,0x00000000ec200000)
  to   space 3072K, 0% used [0x00000000ec280000,0x00000000ec280000,0x00000000ec580000)
 ParOldGen       total 68608K, used 18603K [0x00000000c0000000, 0x00000000c4300000, 0x00000000eab00000)
  object space 68608K, 27% used [0x00000000c0000000,0x00000000c122ad80,0x00000000c4300000)
 Metaspace       used 48969K, committed 49856K, reserved 1114112K
  class space    used 5363K, committed 5760K, reserved 1048576K
}
Event: 11.618 GC heap after
{Heap after GC invocations=18 (full 2):
 PSYoungGen      total 23552K, used 2112K [0x00000000eab00000, 0x00000000ec500000, 0x0000000100000000)
  eden space 20992K, 0% used [0x00000000eab00000,0x00000000eab00000,0x00000000ebf80000)
  from space 2560K, 82% used [0x00000000ec280000,0x00000000ec490010,0x00000000ec500000)
  to   space 2560K, 0% used [0x00000000ebf80000,0x00000000ebf80000,0x00000000ec200000)
 ParOldGen       total 68608K, used 20563K [0x00000000c0000000, 0x00000000c4300000, 0x00000000eab00000)
  object space 68608K, 29% used [0x00000000c0000000,0x00000000c1414d90,0x00000000c4300000)
 Metaspace       used 48969K, committed 49856K, reserved 1114112K
  class space    used 5363K, committed 5760K, reserved 1048576K
}
Event: 11.661 GC heap before
{Heap before GC invocations=19 (full 2):
 PSYoungGen      total 23552K, used 23104K [0x00000000eab00000, 0x00000000ec500000, 0x0000000100000000)
  eden space 20992K, 100% used [0x00000000eab00000,0x00000000ebf80000,0x00000000ebf80000)
  from space 2560K, 82% used [0x00000000ec280000,0x00000000ec490010,0x00000000ec500000)
  to   space 2560K, 0% used [0x00000000ebf80000,0x00000000ebf80000,0x00000000ec200000)
 ParOldGen       total 68608K, used 20563K [0x00000000c0000000, 0x00000000c4300000, 0x00000000eab00000)
  object space 68608K, 29% used [0x00000000c0000000,0x00000000c1414d90,0x00000000c4300000)
 Metaspace       used 49021K, committed 49856K, reserved 1114112K
  class space    used 5376K, committed 5760K, reserved 1048576K
}
Event: 11.665 GC heap after
{Heap after GC invocations=19 (full 2):
 PSYoungGen      total 23552K, used 2528K [0x00000000eab00000, 0x00000000ec980000, 0x0000000100000000)
  eden space 20992K, 0% used [0x00000000eab00000,0x00000000eab00000,0x00000000ebf80000)
  from space 2560K, 98% used [0x00000000ebf80000,0x00000000ec1f8010,0x00000000ec200000)
  to   space 5120K, 0% used [0x00000000ec480000,0x00000000ec480000,0x00000000ec980000)
 ParOldGen       total 68608K, used 22648K [0x00000000c0000000, 0x00000000c4300000, 0x00000000eab00000)
  object space 68608K, 33% used [0x00000000c0000000,0x00000000c161e0f8,0x00000000c4300000)
 Metaspace       used 49021K, committed 49856K, reserved 1114112K
  class space    used 5376K, committed 5760K, reserved 1048576K
}
Event: 11.693 GC heap before
{Heap before GC invocations=20 (full 2):
 PSYoungGen      total 23552K, used 23364K [0x00000000eab00000, 0x00000000ec980000, 0x0000000100000000)
  eden space 20992K, 99% used [0x00000000eab00000,0x00000000ebf59228,0x00000000ebf80000)
  from space 2560K, 98% used [0x00000000ebf80000,0x00000000ec1f8010,0x00000000ec200000)
  to   space 5120K, 0% used [0x00000000ec480000,0x00000000ec480000,0x00000000ec980000)
 ParOldGen       total 68608K, used 22648K [0x00000000c0000000, 0x00000000c4300000, 0x00000000eab00000)
  object space 68608K, 33% used [0x00000000c0000000,0x00000000c161e0f8,0x00000000c4300000)
 Metaspace       used 49023K, committed 49856K, reserved 1114112K
  class space    used 5376K, committed 5760K, reserved 1048576K
}
Event: 11.698 GC heap after
{Heap after GC invocations=20 (full 2):
 PSYoungGen      total 23552K, used 2368K [0x00000000eab00000, 0x00000000ec700000, 0x0000000100000000)
  eden space 20992K, 0% used [0x00000000eab00000,0x00000000eab00000,0x00000000ebf80000)
  from space 2560K, 92% used [0x00000000ec480000,0x00000000ec6d0000,0x00000000ec700000)
  to   space 3584K, 0% used [0x00000000ec000000,0x00000000ec000000,0x00000000ec380000)
 ParOldGen       total 68608K, used 25166K [0x00000000c0000000, 0x00000000c4300000, 0x00000000eab00000)
  object space 68608K, 36% used [0x00000000c0000000,0x00000000c1893af8,0x00000000c4300000)
 Metaspace       used 49023K, committed 49856K, reserved 1114112K
  class space    used 5376K, committed 5760K, reserved 1048576K
}
Event: 11.729 GC heap before
{Heap before GC invocations=21 (full 2):
 PSYoungGen      total 23552K, used 23360K [0x00000000eab00000, 0x00000000ec700000, 0x0000000100000000)
  eden space 20992K, 100% used [0x00000000eab00000,0x00000000ebf80000,0x00000000ebf80000)
  from space 2560K, 92% used [0x00000000ec480000,0x00000000ec6d0000,0x00000000ec700000)
  to   space 3584K, 0% used [0x00000000ec000000,0x00000000ec000000,0x00000000ec380000)
 ParOldGen       total 68608K, used 25166K [0x00000000c0000000, 0x00000000c4300000, 0x00000000eab00000)
  object space 68608K, 36% used [0x00000000c0000000,0x00000000c1893af8,0x00000000c4300000)
 Metaspace       used 49023K, committed 49856K, reserved 1114112K
  class space    used 5376K, committed 5760K, reserved 1048576K
}
Event: 11.733 GC heap after
{Heap after GC invocations=21 (full 2):
 PSYoungGen      total 23552K, used 2400K [0x00000000eab00000, 0x00000000ec500000, 0x0000000100000000)
  eden space 20992K, 0% used [0x00000000eab00000,0x00000000eab00000,0x00000000ebf80000)
  from space 2560K, 93% used [0x00000000ec000000,0x00000000ec258010,0x00000000ec280000)
  to   space 2560K, 0% used [0x00000000ec280000,0x00000000ec280000,0x00000000ec500000)
 ParOldGen       total 68608K, used 27430K [0x00000000c0000000, 0x00000000c4300000, 0x00000000eab00000)
  object space 68608K, 39% used [0x00000000c0000000,0x00000000c1ac9af8,0x00000000c4300000)
 Metaspace       used 49023K, committed 49856K, reserved 1114112K
  class space    used 5376K, committed 5760K, reserved 1048576K
}

Dll operation events (10 events):
Event: 0.022 Loaded shared library c:\Users\sasum\.vscode\extensions\redhat.java-1.21.0-win32-x64\jre\17.0.7-win32-x86_64\bin\java.dll
Event: 0.251 Loaded shared library c:\Users\sasum\.vscode\extensions\redhat.java-1.21.0-win32-x64\jre\17.0.7-win32-x86_64\bin\zip.dll
Event: 0.291 Loaded shared library C:\Users\sasum\.vscode\extensions\redhat.java-1.21.0-win32-x64\jre\17.0.7-win32-x86_64\bin\instrument.dll
Event: 0.301 Loaded shared library C:\Users\sasum\.vscode\extensions\redhat.java-1.21.0-win32-x64\jre\17.0.7-win32-x86_64\bin\net.dll
Event: 0.302 Loaded shared library C:\Users\sasum\.vscode\extensions\redhat.java-1.21.0-win32-x64\jre\17.0.7-win32-x86_64\bin\nio.dll
Event: 0.308 Loaded shared library C:\Users\sasum\.vscode\extensions\redhat.java-1.21.0-win32-x64\jre\17.0.7-win32-x86_64\bin\zip.dll
Event: 0.318 Loaded shared library C:\Users\sasum\.vscode\extensions\redhat.java-1.21.0-win32-x64\jre\17.0.7-win32-x86_64\bin\jimage.dll
Event: 0.368 Loaded shared library c:\Users\sasum\.vscode\extensions\redhat.java-1.21.0-win32-x64\jre\17.0.7-win32-x86_64\bin\verify.dll
Event: 4.302 Loaded shared library C:\Users\sasum\AppData\Roaming\Code\User\globalStorage\redhat.java\1.21.0\config_win\org.eclipse.equinox.launcher\org.eclipse.equinox.launcher.win32.win32.x86_64_1.2.700.v20221108-1024\eclipse_11801.dll
Event: 8.416 Loaded shared library C:\Windows\Temp\jna-113631\jna619804201398731898.dll

Deoptimization events (20 events):
Event: 11.475 Thread 0x0000013260aab090 DEOPT PACKING pc=0x0000013250c8dcbc sp=0x00000013fb8fdf30
Event: 11.475 Thread 0x0000013260aab090 DEOPT UNPACKING pc=0x00000132505f66a3 sp=0x00000013fb8fded8 mode 2
Event: 11.488 Thread 0x0000013260aab090 Uncommon trap: trap_request=0xffffff45 fr.pc=0x0000013250baf6f0 relative=0x0000000000000330
Event: 11.488 Thread 0x0000013260aab090 Uncommon trap: reason=unstable_if action=reinterpret pc=0x0000013250baf6f0 method=java.util.HashMap.getNode(Ljava/lang/Object;)Ljava/util/HashMap$Node; @ 131 c2
Event: 11.488 Thread 0x0000013260aab090 DEOPT PACKING pc=0x0000013250baf6f0 sp=0x00000013fb8fdff0
Event: 11.488 Thread 0x0000013260aab090 DEOPT UNPACKING pc=0x00000132505f66a3 sp=0x00000013fb8fdf70 mode 2
Event: 11.608 Thread 0x0000013260aab090 DEOPT PACKING pc=0x000001324939d508 sp=0x00000013fb8fe020
Event: 11.608 Thread 0x0000013260aab090 DEOPT UNPACKING pc=0x00000132505f6e43 sp=0x00000013fb8fd528 mode 0
Event: 11.635 Thread 0x0000013260aab090 Uncommon trap: trap_request=0xffffff45 fr.pc=0x0000013250b60c2c relative=0x000000000000028c
Event: 11.635 Thread 0x0000013260aab090 Uncommon trap: reason=unstable_if action=reinterpret pc=0x0000013250b60c2c method=java.util.HashMap$HashIterator.<init>(Ljava/util/HashMap;)V @ 45 c2
Event: 11.635 Thread 0x0000013260aab090 DEOPT PACKING pc=0x0000013250b60c2c sp=0x00000013fb8feba0
Event: 11.635 Thread 0x0000013260aab090 DEOPT UNPACKING pc=0x00000132505f66a3 sp=0x00000013fb8feb38 mode 2
Event: 11.767 Thread 0x0000013260aab090 Uncommon trap: trap_request=0xffffff45 fr.pc=0x0000013250d4fc10 relative=0x0000000000000090
Event: 11.767 Thread 0x0000013260aab090 Uncommon trap: reason=unstable_if action=reinterpret pc=0x0000013250d4fc10 method=java.util.regex.Pattern.append(II)V @ 9 c2
Event: 11.767 Thread 0x0000013260aab090 DEOPT PACKING pc=0x0000013250d4fc10 sp=0x00000013fb8fe760
Event: 11.767 Thread 0x0000013260aab090 DEOPT UNPACKING pc=0x00000132505f66a3 sp=0x00000013fb8fe6f0 mode 2
Event: 11.800 Thread 0x0000013260aab090 DEOPT PACKING pc=0x0000013249b0ea7d sp=0x00000013fb8fe8c0
Event: 11.800 Thread 0x0000013260aab090 DEOPT UNPACKING pc=0x00000132505f6e43 sp=0x00000013fb8fdda0 mode 0
Event: 11.806 Thread 0x0000013260aab090 DEOPT PACKING pc=0x0000013249b17e77 sp=0x00000013fb8fe950
Event: 11.806 Thread 0x0000013260aab090 DEOPT UNPACKING pc=0x00000132505f6e43 sp=0x00000013fb8fdf30 mode 0

Classes unloaded (7 events):
Event: 5.072 Thread 0x000001325a23e500 Unloading class 0x0000000100218000 'java/lang/invoke/LambdaForm$MH+0x0000000100218000'
Event: 5.072 Thread 0x000001325a23e500 Unloading class 0x0000000100217c00 'java/lang/invoke/LambdaForm$MH+0x0000000100217c00'
Event: 5.072 Thread 0x000001325a23e500 Unloading class 0x0000000100217800 'java/lang/invoke/LambdaForm$MH+0x0000000100217800'
Event: 5.072 Thread 0x000001325a23e500 Unloading class 0x0000000100217400 'java/lang/invoke/LambdaForm$MH+0x0000000100217400'
Event: 5.072 Thread 0x000001325a23e500 Unloading class 0x0000000100217000 'java/lang/invoke/LambdaForm$BMH+0x0000000100217000'
Event: 5.072 Thread 0x000001325a23e500 Unloading class 0x0000000100216c00 'java/lang/invoke/LambdaForm$DMH+0x0000000100216c00'
Event: 5.072 Thread 0x000001325a23e500 Unloading class 0x0000000100214000 'java/lang/invoke/LambdaForm$DMH+0x0000000100214000'

Classes redefined (0 events):
No events

Internal exceptions (20 events):
Event: 11.818 Thread 0x0000013260aab090 Exception <a 'sun/nio/fs/WindowsException'{0x00000000eb10efe8}> (0x00000000eb10efe8) 
thrown [s\src\hotspot\share\prims\jni.cpp, line 516]
Event: 11.819 Thread 0x0000013260aab090 Exception <a 'sun/nio/fs/WindowsException'{0x00000000eb112320}> (0x00000000eb112320) 
thrown [s\src\hotspot\share\prims\jni.cpp, line 516]
Event: 11.819 Thread 0x0000013260aab090 Exception <a 'sun/nio/fs/WindowsException'{0x00000000eb115658}> (0x00000000eb115658) 
thrown [s\src\hotspot\share\prims\jni.cpp, line 516]
Event: 11.819 Thread 0x0000013260aab090 Exception <a 'sun/nio/fs/WindowsException'{0x00000000eb118990}> (0x00000000eb118990) 
thrown [s\src\hotspot\share\prims\jni.cpp, line 516]
Event: 11.819 Thread 0x0000013260aab090 Exception <a 'sun/nio/fs/WindowsException'{0x00000000eb11bcc8}> (0x00000000eb11bcc8) 
thrown [s\src\hotspot\share\prims\jni.cpp, line 516]
Event: 11.819 Thread 0x0000013260aab090 Exception <a 'sun/nio/fs/WindowsException'{0x00000000eb11f000}> (0x00000000eb11f000) 
thrown [s\src\hotspot\share\prims\jni.cpp, line 516]
Event: 11.820 Thread 0x0000013260aab090 Exception <a 'sun/nio/fs/WindowsException'{0x00000000eb122338}> (0x00000000eb122338) 
thrown [s\src\hotspot\share\prims\jni.cpp, line 516]
Event: 11.820 Thread 0x0000013260aab090 Exception <a 'sun/nio/fs/WindowsException'{0x00000000eb125670}> (0x00000000eb125670) 
thrown [s\src\hotspot\share\prims\jni.cpp, line 516]
Event: 11.820 Thread 0x0000013260aab090 Exception <a 'sun/nio/fs/WindowsException'{0x00000000eb1289a8}> (0x00000000eb1289a8) 
thrown [s\src\hotspot\share\prims\jni.cpp, line 516]
Event: 11.820 Thread 0x0000013260aab090 Exception <a 'sun/nio/fs/WindowsException'{0x00000000eb12bce0}> (0x00000000eb12bce0) 
thrown [s\src\hotspot\share\prims\jni.cpp, line 516]
Event: 11.820 Thread 0x0000013260aab090 Exception <a 'sun/nio/fs/WindowsException'{0x00000000eb12f018}> (0x00000000eb12f018) 
thrown [s\src\hotspot\share\prims\jni.cpp, line 516]
Event: 11.821 Thread 0x0000013260aab090 Exception <a 'sun/nio/fs/WindowsException'{0x00000000eb132350}> (0x00000000eb132350) 
thrown [s\src\hotspot\share\prims\jni.cpp, line 516]
Event: 11.821 Thread 0x0000013260aab090 Exception <a 'sun/nio/fs/WindowsException'{0x00000000eb135928}> (0x00000000eb135928) 
thrown [s\src\hotspot\share\prims\jni.cpp, line 516]
Event: 11.821 Thread 0x0000013260aab090 Exception <a 'sun/nio/fs/WindowsException'{0x00000000eb138c98}> (0x00000000eb138c98) 
thrown [s\src\hotspot\share\prims\jni.cpp, line 516]
Event: 11.821 Thread 0x0000013260aab090 Exception <a 'sun/nio/fs/WindowsException'{0x00000000eb13bd68}> (0x00000000eb13bd68) 
thrown [s\src\hotspot\share\prims\jni.cpp, line 516]
Event: 11.821 Thread 0x0000013260aab090 Exception <a 'sun/nio/fs/WindowsException'{0x00000000eb13ec08}> (0x00000000eb13ec08) 
thrown [s\src\hotspot\share\prims\jni.cpp, line 516]
Event: 11.822 Thread 0x0000013260aab090 Exception <a 'sun/nio/fs/WindowsException'{0x00000000eb141cd8}> (0x00000000eb141cd8) 
thrown [s\src\hotspot\share\prims\jni.cpp, line 516]
Event: 11.822 Thread 0x0000013260aab090 Exception <a 'sun/nio/fs/WindowsException'{0x00000000eb145258}> (0x00000000eb145258) 
thrown [s\src\hotspot\share\prims\jni.cpp, line 516]
Event: 11.822 Thread 0x0000013260aab090 Exception <a 'sun/nio/fs/WindowsException'{0x00000000eb148590}> (0x00000000eb148590) 
thrown [s\src\hotspot\share\prims\jni.cpp, line 516]
Event: 11.822 Thread 0x0000013260aab090 Exception <a 'sun/nio/fs/WindowsException'{0x00000000eb14b888}> (0x00000000eb14b888) 
thrown [s\src\hotspot\share\prims\jni.cpp, line 516]

VM Operations (20 events):
Event: 11.462 Executing VM operation: ParallelGCFailedAllocation
Event: 11.464 Executing VM operation: ParallelGCFailedAllocation done
Event: 11.563 Executing VM operation: ParallelGCFailedAllocation
Event: 11.566 Executing VM operation: ParallelGCFailedAllocation done
Event: 11.614 Executing VM operation: ParallelGCFailedAllocation
Event: 11.618 Executing VM operation: ParallelGCFailedAllocation done
Event: 11.661 Executing VM operation: ParallelGCFailedAllocation
Event: 11.665 Executing VM operation: ParallelGCFailedAllocation done
Event: 11.693 Executing VM operation: ParallelGCFailedAllocation
Event: 11.698 Executing VM operation: ParallelGCFailedAllocation done
Event: 11.729 Executing VM operation: ParallelGCFailedAllocation
Event: 11.734 Executing VM operation: ParallelGCFailedAllocation done
Event: 11.768 Executing VM operation: HandshakeAllThreads
Event: 11.768 Executing VM operation: HandshakeAllThreads done
Event: 11.823 Executing VM operation: HandshakeAllThreads
Event: 11.823 Executing VM operation: HandshakeAllThreads done
Event: 11.838 Executing VM operation: HandshakeAllThreads
Event: 11.838 Executing VM operation: HandshakeAllThreads done
Event: 11.847 Executing VM operation: HandshakeAllThreads
Event: 11.847 Executing VM operation: HandshakeAllThreads done

Events (20 events):
Event: 11.842 Thread 0x000001325a26cf30 flushing nmethod 0x000001324958c310
Event: 11.842 Thread 0x000001325a26cf30 flushing nmethod 0x0000013249593f90
Event: 11.842 Thread 0x000001325a26cf30 flushing nmethod 0x0000013249597610
Event: 11.842 Thread 0x000001325a26cf30 flushing nmethod 0x000001324959a310
Event: 11.842 Thread 0x000001325a26cf30 flushing nmethod 0x000001324959c290
Event: 11.842 Thread 0x000001325a26cf30 flushing nmethod 0x00000132495a1e90
Event: 11.842 Thread 0x000001325a26cf30 flushing nmethod 0x0000013249606110
Event: 11.842 Thread 0x000001325a26cf30 flushing nmethod 0x0000013249606590
Event: 11.842 Thread 0x000001325a26cf30 flushing nmethod 0x0000013249607f90
Event: 11.842 Thread 0x000001325a26cf30 flushing nmethod 0x000001324961ec10
Event: 11.842 Thread 0x000001325a26cf30 flushing nmethod 0x000001324961fb10
Event: 11.842 Thread 0x000001325a26cf30 flushing nmethod 0x0000013249620a90
Event: 11.842 Thread 0x000001325a26cf30 flushing nmethod 0x0000013249621010
Event: 11.842 Thread 0x000001325a26cf30 flushing nmethod 0x0000013249621890
Event: 11.842 Thread 0x000001325a26cf30 flushing nmethod 0x0000013249625090
Event: 11.842 Thread 0x000001325a26cf30 flushing nmethod 0x0000013249626890
Event: 11.842 Thread 0x000001325a26cf30 flushing nmethod 0x0000013249626f10
Event: 11.842 Thread 0x000001325a26cf30 flushing nmethod 0x0000013249629010
Event: 11.843 Thread 0x000001325a26cf30 flushing nmethod 0x0000013249654510
Event: 11.843 Thread 0x000001325a26cf30 flushing nmethod 0x000001324968c190


Dynamic libraries:
0x00007ff71e860000 - 0x00007ff71e86e000 	c:\Users\sasum\.vscode\extensions\redhat.java-1.21.0-win32-x64\jre\17.0.7-win32-x86_64\bin\java.exe
0x00007ffda3390000 - 0x00007ffda35a4000 	C:\WINDOWS\SYSTEM32\ntdll.dll
0x00007ffda1400000 - 0x00007ffda14c2000 	C:\WINDOWS\System32\KERNEL32.DLL
0x00007ffda0ca0000 - 0x00007ffda1043000 	C:\WINDOWS\System32\KERNELBASE.dll
0x00007ffda0b80000 - 0x00007ffda0c91000 	C:\WINDOWS\System32\ucrtbase.dll
0x00007ffd657e0000 - 0x00007ffd657f7000 	c:\Users\sasum\.vscode\extensions\redhat.java-1.21.0-win32-x64\jre\17.0.7-win32-x86_64\bin\jli.dll
0x00007ffda1780000 - 0x00007ffda192a000 	C:\WINDOWS\System32\USER32.dll
0x00007ffda0a10000 - 0x00007ffda0a36000 	C:\WINDOWS\System32\win32u.dll
0x00007ffda2df0000 - 0x00007ffda2e19000 	C:\WINDOWS\System32\GDI32.dll
0x00007ffda1050000 - 0x00007ffda1169000 	C:\WINDOWS\System32\gdi32full.dll
0x00007ffda0790000 - 0x00007ffda082a000 	C:\WINDOWS\System32\msvcp_win.dll
0x00007ffd60be0000 - 0x00007ffd60bf9000 	c:\Users\sasum\.vscode\extensions\redhat.java-1.21.0-win32-x64\jre\17.0.7-win32-x86_64\bin\VCRUNTIME140.dll
0x00007ffd88d20000 - 0x00007ffd88fae000 	C:\WINDOWS\WinSxS\amd64_microsoft.windows.common-controls_6595b64144ccf1df_6.0.22621.1635_none_270f70857386168e\COMCTL32.dll
0x00007ffda1510000 - 0x00007ffda15b7000 	C:\WINDOWS\System32\msvcrt.dll
0x00007ffda14d0000 - 0x00007ffda1501000 	C:\WINDOWS\System32\IMM32.DLL
0x00007ffd7fe90000 - 0x00007ffd7fe9c000 	c:\Users\sasum\.vscode\extensions\redhat.java-1.21.0-win32-x64\jre\17.0.7-win32-x86_64\bin\vcruntime140_1.dll
0x00007ffd55360000 - 0x00007ffd553f1000 	c:\Users\sasum\.vscode\extensions\redhat.java-1.21.0-win32-x64\jre\17.0.7-win32-x86_64\bin\msvcp140.dll
0x00007ffd37e50000 - 0x00007ffd38a98000 	c:\Users\sasum\.vscode\extensions\redhat.java-1.21.0-win32-x64\jre\17.0.7-win32-x86_64\bin\server\jvm.dll
0x00007ffda30b0000 - 0x00007ffda315e000 	C:\WINDOWS\System32\ADVAPI32.dll
0x00007ffda1dc0000 - 0x00007ffda1e64000 	C:\WINDOWS\System32\sechost.dll
0x00007ffda12e0000 - 0x00007ffda13f7000 	C:\WINDOWS\System32\RPCRT4.dll
0x00007ffd8dad0000 - 0x00007ffd8dad9000 	C:\WINDOWS\SYSTEM32\WSOCK32.dll
0x00007ffda32d0000 - 0x00007ffda3341000 	C:\WINDOWS\System32\WS2_32.dll
0x00007ffd99500000 - 0x00007ffd99534000 	C:\WINDOWS\SYSTEM32\WINMM.dll
0x00007ffd99d90000 - 0x00007ffd99d9a000 	C:\WINDOWS\SYSTEM32\VERSION.dll
0x00007ffd9f7d0000 - 0x00007ffd9f7e8000 	C:\WINDOWS\SYSTEM32\kernel.appcore.dll
0x00007ffd7fe50000 - 0x00007ffd7fe5a000 	c:\Users\sasum\.vscode\extensions\redhat.java-1.21.0-win32-x64\jre\17.0.7-win32-x86_64\bin\jimage.dll
0x00007ffd8ff20000 - 0x00007ffd9014e000 	C:\WINDOWS\SYSTEM32\DBGHELP.DLL
0x00007ffda2030000 - 0x00007ffda23b9000 	C:\WINDOWS\System32\combase.dll
0x00007ffda2fb0000 - 0x00007ffda3087000 	C:\WINDOWS\System32\OLEAUT32.dll
0x00007ffd8fe60000 - 0x00007ffd8fe92000 	C:\WINDOWS\SYSTEM32\dbgcore.DLL
0x00007ffda0b00000 - 0x00007ffda0b7a000 	C:\WINDOWS\System32\bcryptPrimitives.dll
0x00007ffd7e6d0000 - 0x00007ffd7e6de000 	c:\Users\sasum\.vscode\extensions\redhat.java-1.21.0-win32-x64\jre\17.0.7-win32-x86_64\bin\instrument.dll
0x00007ffd5d550000 - 0x00007ffd5d575000 	c:\Users\sasum\.vscode\extensions\redhat.java-1.21.0-win32-x64\jre\17.0.7-win32-x86_64\bin\java.dll
0x00007ffd60ba0000 - 0x00007ffd60bb8000 	c:\Users\sasum\.vscode\extensions\redhat.java-1.21.0-win32-x64\jre\17.0.7-win32-x86_64\bin\zip.dll
0x00007ffda2440000 - 0x00007ffda2c39000 	C:\WINDOWS\System32\SHELL32.dll
0x00007ffd9e780000 - 0x00007ffd9f04e000 	C:\WINDOWS\SYSTEM32\windows.storage.dll
0x00007ffd9e640000 - 0x00007ffd9e77e000 	C:\WINDOWS\SYSTEM32\wintypes.dll
0x00007ffda3160000 - 0x00007ffda3251000 	C:\WINDOWS\System32\SHCORE.dll
0x00007ffda1650000 - 0x00007ffda16ae000 	C:\WINDOWS\System32\shlwapi.dll
0x00007ffda06c0000 - 0x00007ffda06e6000 	C:\WINDOWS\SYSTEM32\profapi.dll
0x00007ffd5b1c0000 - 0x00007ffd5b1d9000 	C:\Users\sasum\.vscode\extensions\redhat.java-1.21.0-win32-x64\jre\17.0.7-win32-x86_64\bin\net.dll
0x00007ffd99a40000 - 0x00007ffd99b77000 	C:\WINDOWS\SYSTEM32\WINHTTP.dll
0x00007ffd9fc50000 - 0x00007ffd9fcb9000 	C:\WINDOWS\system32\mswsock.dll
0x00007ffd5a580000 - 0x00007ffd5a595000 	C:\Users\sasum\.vscode\extensions\redhat.java-1.21.0-win32-x64\jre\17.0.7-win32-x86_64\bin\nio.dll
0x00007ffd7e050000 - 0x00007ffd7e060000 	c:\Users\sasum\.vscode\extensions\redhat.java-1.21.0-win32-x64\jre\17.0.7-win32-x86_64\bin\verify.dll
0x00007ffd54b60000 - 0x00007ffd54b9e000 	C:\Users\sasum\AppData\Roaming\Code\User\globalStorage\redhat.java\1.21.0\config_win\org.eclipse.equinox.launcher\org.eclipse.equinox.launcher.win32.win32.x86_64_1.2.700.v20221108-1024\eclipse_11801.dll
0x00007ffda2c50000 - 0x00007ffda2dec000 	C:\WINDOWS\System32\ole32.dll
0x00007ffd9ff30000 - 0x00007ffd9ff4b000 	C:\WINDOWS\SYSTEM32\CRYPTSP.dll
0x00007ffd9f740000 - 0x00007ffd9f775000 	C:\WINDOWS\system32\rsaenh.dll
0x00007ffd9fd50000 - 0x00007ffd9fd7c000 	C:\WINDOWS\SYSTEM32\USERENV.dll
0x00007ffda00e0000 - 0x00007ffda0108000 	C:\WINDOWS\SYSTEM32\bcrypt.dll
0x00007ffd9feb0000 - 0x00007ffd9febc000 	C:\WINDOWS\SYSTEM32\CRYPTBASE.dll
0x00007ffd9f2f0000 - 0x00007ffd9f31d000 	C:\WINDOWS\SYSTEM32\IPHLPAPI.DLL
0x00007ffda2c40000 - 0x00007ffda2c49000 	C:\WINDOWS\System32\NSI.dll
0x00007ffd99ba0000 - 0x00007ffd99bb9000 	C:\WINDOWS\SYSTEM32\dhcpcsvc6.DLL
0x00007ffd997e0000 - 0x00007ffd997ff000 	C:\WINDOWS\SYSTEM32\dhcpcsvc.DLL
0x00007ffd9f320000 - 0x00007ffd9f413000 	C:\WINDOWS\SYSTEM32\DNSAPI.dll
0x00007ffd65830000 - 0x00007ffd65875000 	C:\Windows\Temp\jna-113631\jna619804201398731898.dll
0x00007ffda1db0000 - 0x00007ffda1db8000 	C:\WINDOWS\System32\PSAPI.DLL

dbghelp: loaded successfully - version: 4.0.5 - missing functions: none
symbol engine: initialized successfully - sym options: 0x614 - pdb path: .;c:\Users\sasum\.vscode\extensions\redhat.java-1.21.0-win32-x64\jre\17.0.7-win32-x86_64\bin;C:\WINDOWS\SYSTEM32;C:\WINDOWS\WinSxS\amd64_microsoft.windows.common-controls_6595b64144ccf1df_6.0.22621.1635_none_270f70857386168e;c:\Users\sasum\.vscode\extensions\redhat.java-1.21.0-win32-x64\jre\17.0.7-win32-x86_64\bin\server;C:\Users\sasum\AppData\Roaming\Code\User\globalStorage\redhat.java\1.21.0\config_win\org.eclipse.equinox.launcher\org.eclipse.equinox.launcher.win32.win32.x86_64_1.2.700.v20221108-1024;C:\Windows\Temp\jna-113631

VM Arguments:
jvm_args: --add-modules=ALL-SYSTEM --add-opens=java.base/java.util=ALL-UNNAMED --add-opens=java.base/java.lang=ALL-UNNAMED --add-opens=java.base/sun.nio.fs=ALL-UNNAMED -Declipse.application=org.eclipse.jdt.ls.core.id1 -Dosgi.bundles.defaultStartLevel=4 -Declipse.product=org.eclipse.jdt.ls.core.product -Djava.import.generatesMetadataFilesAtProjectRoot=false -Dfile.encoding=utf8 -XX:+UseParallelGC -XX:GCTimeRatio=4 -XX:AdaptiveSizePolicyWeight=90 -Dsun.zip.disableMemoryMapping=true -Xmx1G -Xms100m -Xlog:disable -javaagent:c:\Users\sasum\.vscode\extensions\redhat.java-1.21.0-win32-x64\lombok\lombok-1.18.28.jar -XX:+HeapDumpOnOutOfMemoryError -XX:HeapDumpPath=c:\Users\sasum\AppData\Roaming\Code\User\workspaceStorage\8c1e2cb3445ed313ddce84e98e103851\redhat.java -Daether.dependencyCollector.impl=bf 
java_command: c:\Users\sasum\.vscode\extensions\redhat.java-1.21.0-win32-x64\server\plugins\org.eclipse.equinox.launcher_1.6.500.v20230717-2134.jar -configuration c:\Users\sasum\AppData\Roaming\Code\User\globalStorage\redhat.java\1.21.0\config_win -data c:\Users\sasum\AppData\Roaming\Code\User\workspaceStorage\8c1e2cb3445ed313ddce84e98e103851\redhat.java\jdt_ws
java_class_path (initial): c:\Users\sasum\.vscode\extensions\redhat.java-1.21.0-win32-x64\server\plugins\org.eclipse.equinox.launcher_1.6.500.v20230717-2134.jar
Launcher Type: SUN_STANDARD

[Global flags]
    uintx AdaptiveSizePolicyWeight                 = 90                                        {product} {command line}
     intx CICompilerCount                          = 3                                         {product} {ergonomic}
    uintx GCTimeRatio                              = 4                                         {product} {command line}
     bool HeapDumpOnOutOfMemoryError               = true                                   {manageable} {command line}
    ccstr HeapDumpPath                             = c:\Users\sasum\AppData\Roaming\Code\User\workspaceStorage\8c1e2cb3445ed313ddce84e98e103851\redhat.java         {manageable} {command line}
   size_t InitialHeapSize                          = 104857600                                 {product} {command line}
   size_t MaxHeapSize                              = 1073741824                                {product} {command line}
   size_t MaxNewSize                               = 357564416                                 {product} {ergonomic}
   size_t MinHeapDeltaBytes                        = 524288                                    {product} {ergonomic}
   size_t MinHeapSize                              = 104857600                                 {product} {command line}
   size_t NewSize                                  = 34603008                                  {product} {ergonomic}
    uintx NonNMethodCodeHeapSize                   = 5832780                                {pd product} {ergonomic}
    uintx NonProfiledCodeHeapSize                  = 122912730                              {pd product} {ergonomic}
   size_t OldSize                                  = 70254592                                  {product} {ergonomic}
    uintx ProfiledCodeHeapSize                     = 122912730                              {pd product} {ergonomic}
    uintx ReservedCodeCacheSize                    = 251658240                              {pd product} {ergonomic}
     bool SegmentedCodeCache                       = true                                      {product} {ergonomic}
   size_t SoftMaxHeapSize                          = 1073741824                             {manageable} {ergonomic}
     bool UseCompressedClassPointers               = true                           {product lp64_product} {ergonomic}
     bool UseCompressedOops                        = true                           {product lp64_product} {ergonomic}
     bool UseLargePagesIndividualAllocation        = false                                  {pd product} {ergonomic}
     bool UseParallelGC                            = true                                      {product} {command line}

Logging:
Log output configuration:
 #0: stdout all=off uptime,level,tags
 #1: stderr all=off uptime,level,tags

Environment Variables:
JAVA_HOME=C:\Program Files\Java\jdk-17
PATH=C:\Program Files\Microsoft\jdk-11.0.18.10-hotspot\bin;C:\Program Files\Common Files\Oracle\Java\javapath;C:\WINDOWS\system32;C:\WINDOWS;C:\WINDOWS\System32\Wbem;C:\WINDOWS\System32\WindowsPowerShell\v1.0\;C:\WINDOWS\System32\OpenSSH\;C:\ProgramData\chocolatey\bin;C:\Program Files\Git\cmd;C:\Users\sasum\AppData\Local\Microsoft\WindowsApps;C:\Users\sasum\AppData\Local\Programs\Microsoft VS Code\bin;C:\Users\sasum\AppData\Roaming\npm;C:\flutter\bin;C:\adb;C:\ProgramData\ComposerSetup\bin;C:\Program Files\Java\jdk-17;C:\Program Files\nodejs\;C:\Users\sasum\AppData\Local\Microsoft\WindowsApps;C:\Users\sasum\AppData\Local\Programs\Microsoft VS Code\bin;C:\xampp\php;C:\Users\sasum\AppData\Roaming\Composer\vendor\bin;C:\Program Files\Java\jdk-17\bin;C:\flutter alieses;C:\Users\sasum\AppData\Roaming\npm
USERNAME=sam
OS=Windows_NT
PROCESSOR_IDENTIFIER=AMD64 Family 23 Model 96 Stepping 1, AuthenticAMD
TMP=C:\WINDOWS\TEMP
TEMP=C:\Users\sasum\AppData\Local\Temp



---------------  S Y S T E M  ---------------

OS:
 Windows 11 , 64 bit Build 22621 (10.0.22621.1928)
OS uptime: 1 days 2:12 hours

CPU: total 6 (initial active 6) (6 cores per cpu, 1 threads per core) family 23 model 96 stepping 1 microcode 0x0, cx8, cmov, fxsr, mmx, 3dnowpref, sse, sse2, sse3, ssse3, sse4a, sse4.1, sse4.2, popcnt, lzcnt, tsc, tscinvbit, avx, avx2, aes, clmul, bmi1, bmi2, adx, sha, fma, vzeroupper, clflush, clflushopt

Memory: 4k page, system-wide physical 7579M (1335M free)
TotalPageFile size 21403M (AvailPageFile size 11116M)
current process WorkingSet (physical memory assigned to process): 196M, peak: 199M
current process commit charge ("private bytes"): 272M, peak: 284M

vm_info: OpenJDK 64-Bit Server VM (17.0.7+7) for windows-amd64 JRE (17.0.7+7), built on Apr 18 2023 22:10:42 by "temurin" with MS VC++ 16.7 (VS2019)

END.
